[2018-04-17 20:55:25.018] [DEBUG] main - Command "block" loaded
[2018-04-17 20:55:25.020] [DEBUG] main - Command "grant" loaded
[2018-04-17 20:55:25.021] [DEBUG] main - Command "greet" loaded
[2018-04-17 20:55:25.021] [DEBUG] main - Command "help" loaded
[2018-04-17 20:55:25.022] [DEBUG] main - Command "joinme" loaded
[2018-04-17 20:55:25.022] [DEBUG] main - Command "leave" loaded
[2018-04-17 20:55:25.236] [DEBUG] main - Command "nyaa" loaded
[2018-04-17 20:55:25.237] [DEBUG] main - Command "play" loaded
[2018-04-17 20:55:25.637] [DEBUG] main - Command "rae" loaded
[2018-04-17 20:55:25.701] [DEBUG] main - Command "say" loaded
[2018-04-17 20:55:27.230] [INFO] main - DSP BOT: All packed up and ready to go!
[2018-04-17 20:55:27.354] [INFO] main - DSP-BOT is shutting down...
[2018-04-17 20:56:30.791] [DEBUG] main - Command "block" loaded
[2018-04-17 20:56:30.793] [DEBUG] main - Command "grant" loaded
[2018-04-17 20:56:30.794] [DEBUG] main - Command "greet" loaded
[2018-04-17 20:56:30.795] [DEBUG] main - Command "help" loaded
[2018-04-17 20:56:30.795] [DEBUG] main - Command "joinme" loaded
[2018-04-17 20:56:30.796] [DEBUG] main - Command "leave" loaded
[2018-04-17 20:56:31.013] [DEBUG] main - Command "nyaa" loaded
[2018-04-17 20:56:31.014] [DEBUG] main - Command "play" loaded
[2018-04-17 20:56:31.392] [DEBUG] main - Command "rae" loaded
[2018-04-17 20:56:31.447] [DEBUG] main - Command "say" loaded
[2018-04-17 20:56:32.994] [INFO] main - DSP BOT: All packed up and ready to go!
[2018-04-17 20:56:33.122] [INFO] main - DSP-BOT is shutting down...
[2018-04-17 20:59:17.108] [DEBUG] main - Command "block" loaded
[2018-04-17 20:59:17.110] [DEBUG] main - Command "grant" loaded
[2018-04-17 20:59:17.110] [DEBUG] main - Command "greet" loaded
[2018-04-17 20:59:17.111] [DEBUG] main - Command "help" loaded
[2018-04-17 20:59:17.112] [DEBUG] main - Command "joinme" loaded
[2018-04-17 20:59:17.112] [DEBUG] main - Command "leave" loaded
[2018-04-17 20:59:17.322] [DEBUG] main - Command "nyaa" loaded
[2018-04-17 20:59:17.322] [DEBUG] main - Command "play" loaded
[2018-04-17 20:59:17.696] [DEBUG] main - Command "rae" loaded
[2018-04-17 20:59:17.746] [DEBUG] main - Command "say" loaded
[2018-04-17 20:59:19.257] [INFO] main - DSP BOT: All packed up and ready to go!
[2018-04-17 20:59:19.413] [INFO] main - DSP-BOT is shutting down...
[2018-04-17 21:00:50.774] [DEBUG] main - Command "block" loaded
[2018-04-17 21:00:50.776] [DEBUG] main - Command "grant" loaded
[2018-04-17 21:00:50.777] [DEBUG] main - Command "greet" loaded
[2018-04-17 21:00:50.777] [DEBUG] main - Command "help" loaded
[2018-04-17 21:00:50.778] [DEBUG] main - Command "joinme" loaded
[2018-04-17 21:00:50.778] [DEBUG] main - Command "leave" loaded
[2018-04-17 21:00:50.989] [DEBUG] main - Command "nyaa" loaded
[2018-04-17 21:00:50.990] [DEBUG] main - Command "play" loaded
[2018-04-17 21:00:51.366] [DEBUG] main - Command "rae" loaded
[2018-04-17 21:00:51.418] [DEBUG] main - Command "say" loaded
[2018-04-17 21:00:53.901] [INFO] main - DSP BOT: All packed up and ready to go!
[2018-04-17 21:00:54.024] [INFO] main - DSP-BOT is shutting down...
[2018-04-17 21:02:06.794] [DEBUG] main - Command "block" loaded
[2018-04-17 21:02:06.796] [DEBUG] main - Command "grant" loaded
[2018-04-17 21:02:06.797] [DEBUG] main - Command "greet" loaded
[2018-04-17 21:02:06.798] [DEBUG] main - Command "help" loaded
[2018-04-17 21:02:06.798] [DEBUG] main - Command "joinme" loaded
[2018-04-17 21:02:06.799] [DEBUG] main - Command "leave" loaded
[2018-04-17 21:02:07.013] [DEBUG] main - Command "nyaa" loaded
[2018-04-17 21:02:07.013] [DEBUG] main - Command "play" loaded
[2018-04-17 21:02:07.390] [DEBUG] main - Command "rae" loaded
[2018-04-17 21:02:07.441] [DEBUG] main - Command "say" loaded
[2018-04-17 21:02:09.012] [INFO] main - DSP BOT: All packed up and ready to go!
[2018-04-17 21:02:09.133] [INFO] main - DSP-BOT is shutting down...
[2018-04-17 21:03:58.476] [DEBUG] main - Command "block" loaded
[2018-04-17 21:03:58.478] [DEBUG] main - Command "grant" loaded
[2018-04-17 21:03:58.479] [DEBUG] main - Command "greet" loaded
[2018-04-17 21:03:58.480] [DEBUG] main - Command "help" loaded
[2018-04-17 21:03:58.480] [DEBUG] main - Command "joinme" loaded
[2018-04-17 21:03:58.481] [DEBUG] main - Command "leave" loaded
[2018-04-17 21:03:58.691] [DEBUG] main - Command "nyaa" loaded
[2018-04-17 21:03:58.692] [DEBUG] main - Command "play" loaded
[2018-04-17 21:03:59.070] [DEBUG] main - Command "rae" loaded
[2018-04-17 21:03:59.121] [DEBUG] main - Command "say" loaded
[2018-04-17 21:04:00.684] [INFO] main - DSP BOT: All packed up and ready to go!
[2018-04-17 21:04:00.853] [INFO] main - DSP-BOT is shutting down...
[2018-04-17 21:12:03.095] [DEBUG] main - Command "block" loaded
[2018-04-17 21:12:03.097] [DEBUG] main - Command "grant" loaded
[2018-04-17 21:12:03.098] [DEBUG] main - Command "greet" loaded
[2018-04-17 21:12:03.098] [DEBUG] main - Command "help" loaded
[2018-04-17 21:12:03.099] [DEBUG] main - Command "joinme" loaded
[2018-04-17 21:12:03.099] [DEBUG] main - Command "leave" loaded
[2018-04-17 21:12:03.334] [DEBUG] main - Command "nyaa" loaded
[2018-04-17 21:12:03.334] [DEBUG] main - Command "play" loaded
[2018-04-17 21:12:03.713] [DEBUG] main - Command "rae" loaded
[2018-04-17 21:12:03.761] [DEBUG] main - Command "say" loaded
[2018-04-17 21:12:04.820] [INFO] main - DSP-BOT is shutting down...
[2018-04-17 21:12:20.039] [DEBUG] main - Command "block" loaded
[2018-04-17 21:12:20.041] [DEBUG] main - Command "grant" loaded
[2018-04-17 21:12:20.042] [DEBUG] main - Command "greet" loaded
[2018-04-17 21:12:20.043] [DEBUG] main - Command "help" loaded
[2018-04-17 21:12:20.043] [DEBUG] main - Command "joinme" loaded
[2018-04-17 21:12:20.044] [DEBUG] main - Command "leave" loaded
[2018-04-17 21:12:20.282] [DEBUG] main - Command "nyaa" loaded
[2018-04-17 21:12:20.283] [DEBUG] main - Command "play" loaded
[2018-04-17 21:12:20.665] [DEBUG] main - Command "rae" loaded
[2018-04-17 21:12:20.714] [DEBUG] main - Command "say" loaded
[2018-04-17 21:12:21.270] [INFO] main - DSP BOT: All packed up and ready to go!
[2018-04-17 21:12:31.408] [WARN] main - User "Saix93" attempted to execute command "joinme", but has insufficient permissions level (3)
[2018-04-17 21:14:39.180] [DEBUG] main - Command "block" loaded
[2018-04-17 21:14:39.183] [DEBUG] main - Command "grant" loaded
[2018-04-17 21:14:39.183] [DEBUG] main - Command "greet" loaded
[2018-04-17 21:14:39.184] [DEBUG] main - Command "help" loaded
[2018-04-17 21:14:39.185] [DEBUG] main - Command "joinme" loaded
[2018-04-17 21:14:39.185] [DEBUG] main - Command "leave" loaded
[2018-04-17 21:14:39.419] [DEBUG] main - Command "nyaa" loaded
[2018-04-17 21:14:39.420] [DEBUG] main - Command "play" loaded
[2018-04-17 21:14:39.815] [DEBUG] main - Command "rae" loaded
[2018-04-17 21:14:39.867] [DEBUG] main - Command "say" loaded
[2018-04-17 21:14:40.454] [INFO] main - DSP BOT: All packed up and ready to go!
[2018-04-17 21:14:43.354] [DEBUG] main - Command "joinme" executed by "Saix93" with args ""
[2018-04-17 21:21:23.657] [DEBUG] main - Command "block" loaded
[2018-04-17 21:21:23.660] [DEBUG] main - Command "grant" loaded
[2018-04-17 21:21:23.660] [DEBUG] main - Command "greet" loaded
[2018-04-17 21:21:23.661] [DEBUG] main - Command "help" loaded
[2018-04-17 21:21:23.662] [DEBUG] main - Command "joinme" loaded
[2018-04-17 21:21:23.662] [DEBUG] main - Command "leave" loaded
[2018-04-17 21:21:23.897] [DEBUG] main - Command "nyaa" loaded
[2018-04-17 21:21:23.898] [DEBUG] main - Command "play" loaded
[2018-04-17 21:21:24.270] [DEBUG] main - Command "rae" loaded
[2018-04-17 21:21:24.317] [DEBUG] main - Command "say" loaded
[2018-04-17 21:21:24.935] [INFO] main - DSP BOT: All packed up and ready to go!
[2018-04-17 21:21:27.632] [DEBUG] main - Command "joinme" executed by "Saix93" with args ""
[2018-04-17 21:26:13.099] [DEBUG] main - Command "block" loaded
[2018-04-17 21:26:13.101] [DEBUG] main - Command "grant" loaded
[2018-04-17 21:26:13.101] [DEBUG] main - Command "greet" loaded
[2018-04-17 21:26:13.102] [DEBUG] main - Command "help" loaded
[2018-04-17 21:26:13.103] [DEBUG] main - Command "joinme" loaded
[2018-04-17 21:26:13.104] [DEBUG] main - Command "leave" loaded
[2018-04-17 21:26:13.352] [DEBUG] main - Command "nyaa" loaded
[2018-04-17 21:26:13.352] [DEBUG] main - Command "play" loaded
[2018-04-17 21:26:13.786] [DEBUG] main - Command "rae" loaded
[2018-04-17 21:26:13.845] [DEBUG] main - Command "say" loaded
[2018-04-17 21:26:14.724] [INFO] main - DSP BOT: All packed up and ready to go!
[2018-04-17 21:26:16.374] [DEBUG] main - Command "joinme" executed by "Saix93" with args ""
[2018-04-17 21:26:22.382] [INFO] main - DSP-BOT is shutting down...
[2018-04-17 21:28:50.751] [DEBUG] main - Command "block" loaded
[2018-04-17 21:28:50.753] [DEBUG] main - Command "grant" loaded
[2018-04-17 21:28:50.754] [DEBUG] main - Command "greet" loaded
[2018-04-17 21:28:50.754] [DEBUG] main - Command "help" loaded
[2018-04-17 21:28:50.755] [DEBUG] main - Command "joinme" loaded
[2018-04-17 21:28:50.756] [DEBUG] main - Command "leave" loaded
[2018-04-17 21:28:50.991] [DEBUG] main - Command "nyaa" loaded
[2018-04-17 21:28:50.992] [DEBUG] main - Command "play" loaded
[2018-04-17 21:28:51.411] [DEBUG] main - Command "rae" loaded
[2018-04-17 21:28:51.467] [DEBUG] main - Command "say" loaded
[2018-04-17 21:28:52.621] [INFO] main - DSP BOT: All packed up and ready to go!
[2018-04-17 21:28:54.194] [DEBUG] main - Command "joinme" executed by "Saix93" with args ""
[2018-04-17 21:29:13.117] [DEBUG] main - Command "block" loaded
[2018-04-17 21:29:13.119] [DEBUG] main - Command "grant" loaded
[2018-04-17 21:29:13.120] [DEBUG] main - Command "greet" loaded
[2018-04-17 21:29:13.120] [DEBUG] main - Command "help" loaded
[2018-04-17 21:29:13.121] [DEBUG] main - Command "joinme" loaded
[2018-04-17 21:29:13.122] [DEBUG] main - Command "leave" loaded
[2018-04-17 21:29:13.382] [DEBUG] main - Command "nyaa" loaded
[2018-04-17 21:29:13.383] [DEBUG] main - Command "play" loaded
[2018-04-17 21:29:13.822] [DEBUG] main - Command "rae" loaded
[2018-04-17 21:29:13.885] [DEBUG] main - Command "say" loaded
[2018-04-17 21:29:14.976] [INFO] main - DSP BOT: All packed up and ready to go!
[2018-04-17 21:29:16.182] [DEBUG] main - Command "joinme" executed by "Saix93" with args ""
[2018-04-17 21:29:28.318] [DEBUG] main - Command "block" loaded
[2018-04-17 21:29:28.320] [DEBUG] main - Command "grant" loaded
[2018-04-17 21:29:28.320] [DEBUG] main - Command "greet" loaded
[2018-04-17 21:29:28.321] [DEBUG] main - Command "help" loaded
[2018-04-17 21:29:28.322] [DEBUG] main - Command "joinme" loaded
[2018-04-17 21:29:28.322] [DEBUG] main - Command "leave" loaded
[2018-04-17 21:29:28.564] [DEBUG] main - Command "nyaa" loaded
[2018-04-17 21:29:28.564] [DEBUG] main - Command "play" loaded
[2018-04-17 21:29:28.980] [DEBUG] main - Command "rae" loaded
[2018-04-17 21:29:29.035] [DEBUG] main - Command "say" loaded
[2018-04-17 21:29:29.561] [INFO] main - DSP BOT: All packed up and ready to go!
[2018-04-17 21:29:31.255] [DEBUG] main - Command "joinme" executed by "Saix93" with args ""
[2018-04-17 21:30:36.704] [DEBUG] main - Command "block" loaded
[2018-04-17 21:30:36.707] [DEBUG] main - Command "grant" loaded
[2018-04-17 21:30:36.707] [DEBUG] main - Command "greet" loaded
[2018-04-17 21:30:36.708] [DEBUG] main - Command "help" loaded
[2018-04-17 21:30:36.709] [DEBUG] main - Command "joinme" loaded
[2018-04-17 21:30:36.709] [DEBUG] main - Command "leave" loaded
[2018-04-17 21:30:36.949] [DEBUG] main - Command "nyaa" loaded
[2018-04-17 21:30:36.950] [DEBUG] main - Command "play" loaded
[2018-04-17 21:30:37.342] [DEBUG] main - Command "rae" loaded
[2018-04-17 21:30:37.397] [DEBUG] main - Command "say" loaded
[2018-04-17 21:30:37.987] [INFO] main - DSP BOT: All packed up and ready to go!
[2018-04-17 21:30:40.153] [DEBUG] main - Command "joinme" executed by "Saix93" with args ""
[2018-04-17 21:32:18.467] [DEBUG] main - Command "block" loaded
[2018-04-17 21:32:18.469] [DEBUG] main - Command "grant" loaded
[2018-04-17 21:32:18.470] [DEBUG] main - Command "greet" loaded
[2018-04-17 21:32:18.471] [DEBUG] main - Command "help" loaded
[2018-04-17 21:32:18.471] [DEBUG] main - Command "joinme" loaded
[2018-04-17 21:32:18.472] [DEBUG] main - Command "leave" loaded
[2018-04-17 21:32:18.718] [DEBUG] main - Command "nyaa" loaded
[2018-04-17 21:32:18.719] [DEBUG] main - Command "play" loaded
[2018-04-17 21:32:19.138] [DEBUG] main - Command "rae" loaded
[2018-04-17 21:32:19.195] [DEBUG] main - Command "say" loaded
[2018-04-17 21:32:19.891] [INFO] main - DSP BOT: All packed up and ready to go!
[2018-04-17 21:32:22.722] [DEBUG] main - Command "joinme" executed by "Saix93" with args ""
[2018-04-17 21:35:05.950] [DEBUG] main - Command "block" loaded
[2018-04-17 21:35:05.952] [DEBUG] main - Command "grant" loaded
[2018-04-17 21:35:05.952] [DEBUG] main - Command "greet" loaded
[2018-04-17 21:35:05.953] [DEBUG] main - Command "help" loaded
[2018-04-17 21:35:05.954] [DEBUG] main - Command "joinme" loaded
[2018-04-17 21:35:05.954] [DEBUG] main - Command "leave" loaded
[2018-04-17 21:35:06.191] [DEBUG] main - Command "nyaa" loaded
[2018-04-17 21:35:06.192] [DEBUG] main - Command "play" loaded
[2018-04-17 21:35:06.603] [DEBUG] main - Command "rae" loaded
[2018-04-17 21:35:06.658] [DEBUG] main - Command "say" loaded
[2018-04-17 21:35:07.170] [INFO] main - DSP BOT: All packed up and ready to go!
[2018-04-17 21:35:09.153] [DEBUG] main - Command "joinme" executed by "Saix93" with args ""
[2018-04-17 21:35:41.745] [DEBUG] main - Command "block" loaded
[2018-04-17 21:35:41.747] [DEBUG] main - Command "grant" loaded
[2018-04-17 21:35:41.748] [DEBUG] main - Command "greet" loaded
[2018-04-17 21:35:41.748] [DEBUG] main - Command "help" loaded
[2018-04-17 21:35:41.749] [DEBUG] main - Command "joinme" loaded
[2018-04-17 21:35:41.749] [DEBUG] main - Command "leave" loaded
[2018-04-17 21:35:41.992] [DEBUG] main - Command "nyaa" loaded
[2018-04-17 21:35:41.992] [DEBUG] main - Command "play" loaded
[2018-04-17 21:35:42.401] [DEBUG] main - Command "rae" loaded
[2018-04-17 21:35:42.463] [DEBUG] main - Command "say" loaded
[2018-04-17 21:35:43.045] [INFO] main - DSP BOT: All packed up and ready to go!
[2018-04-17 21:35:44.685] [DEBUG] main - Command "joinme" executed by "Saix93" with args ""
[2018-04-17 21:36:15.262] [DEBUG] main - Command "block" loaded
[2018-04-17 21:36:15.264] [DEBUG] main - Command "grant" loaded
[2018-04-17 21:36:15.265] [DEBUG] main - Command "greet" loaded
[2018-04-17 21:36:15.266] [DEBUG] main - Command "help" loaded
[2018-04-17 21:36:15.266] [DEBUG] main - Command "joinme" loaded
[2018-04-17 21:36:15.267] [DEBUG] main - Command "leave" loaded
[2018-04-17 21:36:15.510] [DEBUG] main - Command "nyaa" loaded
[2018-04-17 21:36:15.511] [DEBUG] main - Command "play" loaded
[2018-04-17 21:36:15.926] [DEBUG] main - Command "rae" loaded
[2018-04-17 21:36:15.982] [DEBUG] main - Command "say" loaded
[2018-04-17 21:36:16.660] [INFO] main - DSP BOT: All packed up and ready to go!
[2018-04-17 21:36:18.681] [DEBUG] main - Command "joinme" executed by "Saix93" with args ""
[2018-04-17 21:36:59.960] [DEBUG] main - Command "block" loaded
[2018-04-17 21:36:59.962] [DEBUG] main - Command "grant" loaded
[2018-04-17 21:36:59.962] [DEBUG] main - Command "greet" loaded
[2018-04-17 21:36:59.963] [DEBUG] main - Command "help" loaded
[2018-04-17 21:36:59.964] [DEBUG] main - Command "joinme" loaded
[2018-04-17 21:36:59.964] [DEBUG] main - Command "leave" loaded
[2018-04-17 21:37:00.209] [DEBUG] main - Command "nyaa" loaded
[2018-04-17 21:37:00.210] [DEBUG] main - Command "play" loaded
[2018-04-17 21:37:00.626] [DEBUG] main - Command "rae" loaded
[2018-04-17 21:37:00.684] [DEBUG] main - Command "say" loaded
[2018-04-17 21:37:01.271] [INFO] main - DSP BOT: All packed up and ready to go!
[2018-04-17 21:37:03.249] [DEBUG] main - Command "joinme" executed by "Saix93" with args ""
[2018-04-17 21:38:57.826] [DEBUG] main - Command "block" loaded
[2018-04-17 21:38:57.829] [DEBUG] main - Command "grant" loaded
[2018-04-17 21:38:57.829] [DEBUG] main - Command "greet" loaded
[2018-04-17 21:38:57.830] [DEBUG] main - Command "help" loaded
[2018-04-17 21:38:57.831] [DEBUG] main - Command "joinme" loaded
[2018-04-17 21:38:57.831] [DEBUG] main - Command "leave" loaded
[2018-04-17 21:38:58.075] [DEBUG] main - Command "nyaa" loaded
[2018-04-17 21:38:58.076] [DEBUG] main - Command "play" loaded
[2018-04-17 21:38:58.500] [DEBUG] main - Command "rae" loaded
[2018-04-17 21:38:58.559] [DEBUG] main - Command "say" loaded
[2018-04-17 21:38:59.149] [INFO] main - DSP BOT: All packed up and ready to go!
[2018-04-17 21:39:00.758] [DEBUG] main - Command "joinme" executed by "Saix93" with args ""
[2018-04-17 21:39:20.944] [DEBUG] main - Command "block" loaded
[2018-04-17 21:39:20.946] [DEBUG] main - Command "grant" loaded
[2018-04-17 21:39:20.947] [DEBUG] main - Command "greet" loaded
[2018-04-17 21:39:20.948] [DEBUG] main - Command "help" loaded
[2018-04-17 21:39:20.948] [DEBUG] main - Command "joinme" loaded
[2018-04-17 21:39:20.949] [DEBUG] main - Command "leave" loaded
[2018-04-17 21:39:21.180] [DEBUG] main - Command "nyaa" loaded
[2018-04-17 21:39:21.181] [DEBUG] main - Command "play" loaded
[2018-04-17 21:39:21.560] [DEBUG] main - Command "rae" loaded
[2018-04-17 21:39:21.609] [DEBUG] main - Command "say" loaded
[2018-04-17 21:39:22.952] [INFO] main - DSP BOT: All packed up and ready to go!
[2018-04-17 21:39:25.340] [DEBUG] main - Command "joinme" executed by "Saix93" with args ""
[2018-04-17 21:42:39.309] [DEBUG] main - Command "block" loaded
[2018-04-17 21:42:39.311] [DEBUG] main - Command "grant" loaded
[2018-04-17 21:42:39.312] [DEBUG] main - Command "greet" loaded
[2018-04-17 21:42:39.313] [DEBUG] main - Command "help" loaded
[2018-04-17 21:42:39.313] [DEBUG] main - Command "joinme" loaded
[2018-04-17 21:42:39.314] [DEBUG] main - Command "leave" loaded
[2018-04-17 21:42:39.562] [DEBUG] main - Command "nyaa" loaded
[2018-04-17 21:42:39.563] [DEBUG] main - Command "play" loaded
[2018-04-17 21:42:39.989] [DEBUG] main - Command "rae" loaded
[2018-04-17 21:42:40.042] [DEBUG] main - Command "say" loaded
[2018-04-17 21:42:40.592] [INFO] main - DSP BOT: All packed up and ready to go!
[2018-04-17 21:42:42.231] [DEBUG] main - Command "joinme" executed by "Saix93" with args ""
[2018-04-17 21:42:59.042] [INFO] main - DSP-BOT is shutting down...
[2018-04-17 21:43:13.025] [DEBUG] main - Command "block" loaded
[2018-04-17 21:43:13.028] [DEBUG] main - Command "grant" loaded
[2018-04-17 21:43:13.028] [DEBUG] main - Command "greet" loaded
[2018-04-17 21:43:13.029] [DEBUG] main - Command "help" loaded
[2018-04-17 21:43:13.030] [DEBUG] main - Command "joinme" loaded
[2018-04-17 21:43:13.030] [DEBUG] main - Command "leave" loaded
[2018-04-17 21:43:13.265] [DEBUG] main - Command "nyaa" loaded
[2018-04-17 21:43:13.266] [DEBUG] main - Command "play" loaded
[2018-04-17 21:43:13.642] [DEBUG] main - Command "rae" loaded
[2018-04-17 21:43:13.690] [DEBUG] main - Command "say" loaded
[2018-04-17 21:43:14.189] [INFO] main - DSP BOT: All packed up and ready to go!
[2018-04-17 21:43:17.844] [DEBUG] main - Command "joinme" executed by "Saix93" with args ""
[2018-04-17 21:43:35.470] [INFO] main - DSP-BOT is shutting down...
[2018-04-17 21:44:09.321] [DEBUG] main - Command "block" loaded
[2018-04-17 21:44:09.323] [DEBUG] main - Command "grant" loaded
[2018-04-17 21:44:09.323] [DEBUG] main - Command "greet" loaded
[2018-04-17 21:44:09.324] [DEBUG] main - Command "help" loaded
[2018-04-17 21:44:09.325] [DEBUG] main - Command "joinme" loaded
[2018-04-17 21:44:09.325] [DEBUG] main - Command "leave" loaded
[2018-04-17 21:44:09.562] [DEBUG] main - Command "nyaa" loaded
[2018-04-17 21:44:09.563] [DEBUG] main - Command "play" loaded
[2018-04-17 21:44:09.976] [DEBUG] main - Command "rae" loaded
[2018-04-17 21:44:10.032] [DEBUG] main - Command "say" loaded
[2018-04-17 21:44:10.579] [INFO] main - DSP BOT: All packed up and ready to go!
[2018-04-17 21:44:12.688] [DEBUG] main - Command "joinme" executed by "Saix93" with args ""
[2018-04-17 21:44:18.675] [INFO] main - DSP-BOT is shutting down...
[2018-04-17 21:45:03.880] [DEBUG] main - Command "block" loaded
[2018-04-17 21:45:03.883] [DEBUG] main - Command "grant" loaded
[2018-04-17 21:45:03.883] [DEBUG] main - Command "greet" loaded
[2018-04-17 21:45:03.884] [DEBUG] main - Command "help" loaded
[2018-04-17 21:45:03.885] [DEBUG] main - Command "joinme" loaded
[2018-04-17 21:45:03.885] [DEBUG] main - Command "leave" loaded
[2018-04-17 21:45:04.122] [DEBUG] main - Command "nyaa" loaded
[2018-04-17 21:45:04.123] [DEBUG] main - Command "play" loaded
[2018-04-17 21:45:04.526] [DEBUG] main - Command "rae" loaded
[2018-04-17 21:45:04.574] [DEBUG] main - Command "say" loaded
[2018-04-17 21:45:05.344] [INFO] main - DSP BOT: All packed up and ready to go!
[2018-04-17 21:45:07.696] [DEBUG] main - Command "joinme" executed by "Saix93" with args ""
[2018-04-17 21:45:22.046] [INFO] main - DSP-BOT is shutting down...
[2018-04-17 21:50:49.394] [DEBUG] main - Command "block" loaded
[2018-04-17 21:50:49.396] [DEBUG] main - Command "grant" loaded
[2018-04-17 21:50:49.396] [DEBUG] main - Command "greet" loaded
[2018-04-17 21:50:49.397] [DEBUG] main - Command "help" loaded
[2018-04-17 21:50:49.398] [DEBUG] main - Command "joinme" loaded
[2018-04-17 21:50:49.398] [DEBUG] main - Command "leave" loaded
[2018-04-17 21:50:49.642] [DEBUG] main - Command "nyaa" loaded
[2018-04-17 21:50:49.642] [DEBUG] main - Command "play" loaded
[2018-04-17 21:50:50.043] [DEBUG] main - Command "rae" loaded
[2018-04-17 21:50:50.100] [DEBUG] main - Command "say" loaded
[2018-04-17 21:50:52.123] [INFO] main - DSP BOT: All packed up and ready to go!
[2018-04-17 21:50:53.494] [DEBUG] main - Command "joinme" executed by "Saix93" with args ""
[2018-04-17 21:50:57.570] [INFO] main - DSP-BOT is shutting down...
[2018-04-17 21:51:48.893] [DEBUG] main - Command "block" loaded
[2018-04-17 21:51:48.895] [DEBUG] main - Command "grant" loaded
[2018-04-17 21:51:48.895] [DEBUG] main - Command "greet" loaded
[2018-04-17 21:51:48.896] [DEBUG] main - Command "help" loaded
[2018-04-17 21:51:48.897] [DEBUG] main - Command "joinme" loaded
[2018-04-17 21:51:48.897] [DEBUG] main - Command "leave" loaded
[2018-04-17 21:51:49.131] [DEBUG] main - Command "nyaa" loaded
[2018-04-17 21:51:49.132] [DEBUG] main - Command "play" loaded
[2018-04-17 21:51:49.525] [DEBUG] main - Command "rae" loaded
[2018-04-17 21:51:49.578] [DEBUG] main - Command "say" loaded
[2018-04-17 21:51:50.662] [INFO] main - DSP BOT: All packed up and ready to go!
[2018-04-17 21:51:51.871] [DEBUG] main - Command "joinme" executed by "Saix93" with args ""
[2018-04-17 21:51:58.625] [INFO] main - DSP-BOT is shutting down...
[2018-04-17 21:53:15.126] [DEBUG] main - Command "block" loaded
[2018-04-17 21:53:15.128] [DEBUG] main - Command "grant" loaded
[2018-04-17 21:53:15.129] [DEBUG] main - Command "greet" loaded
[2018-04-17 21:53:15.129] [DEBUG] main - Command "help" loaded
[2018-04-17 21:53:15.130] [DEBUG] main - Command "joinme" loaded
[2018-04-17 21:53:15.130] [DEBUG] main - Command "leave" loaded
[2018-04-17 21:53:15.369] [DEBUG] main - Command "nyaa" loaded
[2018-04-17 21:53:15.370] [DEBUG] main - Command "play" loaded
[2018-04-17 21:53:15.768] [DEBUG] main - Command "rae" loaded
[2018-04-17 21:53:15.824] [DEBUG] main - Command "say" loaded
[2018-04-17 21:53:16.354] [INFO] main - DSP BOT: All packed up and ready to go!
[2018-04-17 21:53:20.644] [DEBUG] main - Command "joinme" executed by "Saix93" with args ""
[2018-04-17 21:53:24.639] [DEBUG] main - Command "play" executed by "Saix93" with args ""
[2018-04-17 21:53:44.228] [INFO] main - DSP-BOT is shutting down...
[2018-04-17 21:53:45.335] [DEBUG] main - Command "block" loaded
[2018-04-17 21:53:45.337] [DEBUG] main - Command "grant" loaded
[2018-04-17 21:53:45.338] [DEBUG] main - Command "greet" loaded
[2018-04-17 21:53:45.338] [DEBUG] main - Command "help" loaded
[2018-04-17 21:53:45.339] [DEBUG] main - Command "joinme" loaded
[2018-04-17 21:53:45.340] [DEBUG] main - Command "leave" loaded
[2018-04-17 21:53:45.580] [DEBUG] main - Command "nyaa" loaded
[2018-04-17 21:53:45.581] [DEBUG] main - Command "play" loaded
[2018-04-17 21:53:45.999] [DEBUG] main - Command "rae" loaded
[2018-04-17 21:53:46.056] [DEBUG] main - Command "say" loaded
[2018-04-17 21:53:46.692] [INFO] main - DSP BOT: All packed up and ready to go!
[2018-04-17 21:53:48.228] [DEBUG] main - Command "play" executed by "Saix93" with args ""
[2018-04-17 21:53:51.551] [DEBUG] main - Command "joinme" executed by "Saix93" with args ""
[2018-04-17 21:53:53.089] [DEBUG] main - Command "play" executed by "Saix93" with args ""
[2018-04-17 21:54:01.135] [INFO] main - DSP-BOT is shutting down...
[2018-04-17 21:56:06.210] [DEBUG] main - Command "block" loaded
[2018-04-17 21:56:06.212] [DEBUG] main - Command "grant" loaded
[2018-04-17 21:56:06.212] [DEBUG] main - Command "greet" loaded
[2018-04-17 21:56:06.213] [DEBUG] main - Command "help" loaded
[2018-04-17 21:56:06.214] [DEBUG] main - Command "joinme" loaded
[2018-04-17 21:56:06.214] [DEBUG] main - Command "leave" loaded
[2018-04-17 21:56:06.464] [DEBUG] main - Command "nyaa" loaded
[2018-04-17 21:56:06.465] [DEBUG] main - Command "play" loaded
[2018-04-17 21:56:06.880] [DEBUG] main - Command "rae" loaded
[2018-04-17 21:56:06.934] [DEBUG] main - Command "say" loaded
[2018-04-17 21:56:07.753] [INFO] main - DSP BOT: All packed up and ready to go!
[2018-04-17 21:56:10.422] [DEBUG] main - Command "joinme" executed by "Saix93" with args ""
[2018-04-17 21:56:12.436] [DEBUG] main - Command "play" executed by "Saix93" with args ""
[2018-04-17 21:57:17.972] [DEBUG] main - Command "block" loaded
[2018-04-17 21:57:17.974] [DEBUG] main - Command "grant" loaded
[2018-04-17 21:57:17.975] [DEBUG] main - Command "greet" loaded
[2018-04-17 21:57:17.975] [DEBUG] main - Command "help" loaded
[2018-04-17 21:57:17.976] [DEBUG] main - Command "joinme" loaded
[2018-04-17 21:57:17.977] [DEBUG] main - Command "leave" loaded
[2018-04-17 21:57:18.209] [DEBUG] main - Command "nyaa" loaded
[2018-04-17 21:57:18.211] [DEBUG] main - Command "play" loaded
[2018-04-17 21:57:18.604] [DEBUG] main - Command "rae" loaded
[2018-04-17 21:57:18.657] [DEBUG] main - Command "say" loaded
[2018-04-17 21:57:19.272] [INFO] main - DSP BOT: All packed up and ready to go!
[2018-04-17 21:57:21.497] [DEBUG] main - Command "joinme" executed by "Saix93" with args ""
[2018-04-17 21:57:23.962] [DEBUG] main - Command "play" executed by "Saix93" with args ""
[2018-04-17 22:06:51.738] [DEBUG] main - Command "block" loaded
[2018-04-17 22:06:51.740] [DEBUG] main - Command "grant" loaded
[2018-04-17 22:06:51.741] [DEBUG] main - Command "greet" loaded
[2018-04-17 22:06:51.741] [DEBUG] main - Command "help" loaded
[2018-04-17 22:06:51.742] [DEBUG] main - Command "joinme" loaded
[2018-04-17 22:06:51.743] [DEBUG] main - Command "leave" loaded
[2018-04-17 22:06:51.979] [DEBUG] main - Command "nyaa" loaded
[2018-04-17 22:06:51.981] [DEBUG] main - Command "play" loaded
[2018-04-17 22:06:52.379] [DEBUG] main - Command "rae" loaded
[2018-04-17 22:06:52.436] [DEBUG] main - Command "say" loaded
[2018-04-17 22:06:53.163] [INFO] main - DSP BOT: All packed up and ready to go!
[2018-04-17 22:06:55.241] [DEBUG] main - Command "joinme" executed by "Saix93" with args ""
[2018-04-17 22:06:56.791] [DEBUG] main - Command "play" executed by "Saix93" with args ""
[2018-04-17 22:07:03.091] [INFO] main - DSP-BOT is shutting down...
[2018-04-17 22:13:30.766] [DEBUG] main - Command "block" loaded
[2018-04-17 22:13:30.768] [DEBUG] main - Command "grant" loaded
[2018-04-17 22:13:30.769] [DEBUG] main - Command "greet" loaded
[2018-04-17 22:13:30.769] [DEBUG] main - Command "help" loaded
[2018-04-17 22:13:30.770] [DEBUG] main - Command "joinme" loaded
[2018-04-17 22:13:30.771] [DEBUG] main - Command "leave" loaded
[2018-04-17 22:13:31.012] [DEBUG] main - Command "nyaa" loaded
[2018-04-17 22:13:31.013] [DEBUG] main - Command "play" loaded
[2018-04-17 22:13:31.422] [DEBUG] main - Command "rae" loaded
[2018-04-17 22:13:31.478] [DEBUG] main - Command "say" loaded
[2018-04-17 22:13:32.132] [INFO] main - DSP BOT: All packed up and ready to go!
[2018-04-17 22:13:34.165] [DEBUG] main - Command "joinme" executed by "Saix93" with args ""
[2018-04-17 22:13:35.699] [DEBUG] main - Command "play" executed by "Saix93" with args ""
[2018-04-17 22:13:38.019] [INFO] main - DSP-BOT is shutting down...
[2018-04-17 22:13:44.700] [DEBUG] main - Command "block" loaded
[2018-04-17 22:13:44.702] [DEBUG] main - Command "grant" loaded
[2018-04-17 22:13:44.703] [DEBUG] main - Command "greet" loaded
[2018-04-17 22:13:44.704] [DEBUG] main - Command "help" loaded
[2018-04-17 22:13:44.704] [DEBUG] main - Command "joinme" loaded
[2018-04-17 22:13:44.705] [DEBUG] main - Command "leave" loaded
[2018-04-17 22:13:44.944] [DEBUG] main - Command "nyaa" loaded
[2018-04-17 22:13:44.945] [DEBUG] main - Command "play" loaded
[2018-04-17 22:13:45.321] [DEBUG] main - Command "rae" loaded
[2018-04-17 22:13:45.369] [DEBUG] main - Command "say" loaded
[2018-04-17 22:13:45.688] [INFO] main - DSP-BOT is shutting down...
[2018-04-17 22:13:59.262] [DEBUG] main - Command "block" loaded
[2018-04-17 22:13:59.264] [DEBUG] main - Command "grant" loaded
[2018-04-17 22:13:59.265] [DEBUG] main - Command "greet" loaded
[2018-04-17 22:13:59.266] [DEBUG] main - Command "help" loaded
[2018-04-17 22:13:59.266] [DEBUG] main - Command "joinme" loaded
[2018-04-17 22:13:59.267] [DEBUG] main - Command "leave" loaded
[2018-04-17 22:13:59.520] [DEBUG] main - Command "nyaa" loaded
[2018-04-17 22:13:59.521] [DEBUG] main - Command "play" loaded
[2018-04-17 22:13:59.913] [DEBUG] main - Command "rae" loaded
[2018-04-17 22:13:59.969] [DEBUG] main - Command "say" loaded
[2018-04-17 22:14:00.577] [INFO] main - DSP BOT: All packed up and ready to go!
[2018-04-17 22:14:02.765] [DEBUG] main - Command "joinme" executed by "Saix93" with args ""
[2018-04-17 22:14:03.897] [DEBUG] main - Command "play" executed by "Saix93" with args ""
[2018-04-17 22:14:20.064] [INFO] main - DSP-BOT is shutting down...
[2018-04-17 22:14:58.054] [DEBUG] main - Command "block" loaded
[2018-04-17 22:14:58.056] [DEBUG] main - Command "grant" loaded
[2018-04-17 22:14:58.056] [DEBUG] main - Command "greet" loaded
[2018-04-17 22:14:58.057] [DEBUG] main - Command "help" loaded
[2018-04-17 22:14:58.058] [DEBUG] main - Command "joinme" loaded
[2018-04-17 22:14:58.058] [DEBUG] main - Command "leave" loaded
[2018-04-17 22:14:58.291] [DEBUG] main - Command "nyaa" loaded
[2018-04-17 22:14:58.291] [DEBUG] main - Command "play" loaded
[2018-04-17 22:14:58.685] [DEBUG] main - Command "rae" loaded
[2018-04-17 22:14:58.735] [DEBUG] main - Command "say" loaded
[2018-04-17 22:14:59.291] [INFO] main - DSP BOT: All packed up and ready to go!
[2018-04-17 22:15:04.410] [WARN] main - User Saix93 tried to invoke undefined command joinmee
[2018-04-17 22:15:11.343] [DEBUG] main - Command "block" loaded
[2018-04-17 22:15:11.346] [DEBUG] main - Command "grant" loaded
[2018-04-17 22:15:11.346] [DEBUG] main - Command "greet" loaded
[2018-04-17 22:15:11.347] [DEBUG] main - Command "help" loaded
[2018-04-17 22:15:11.348] [DEBUG] main - Command "joinme" loaded
[2018-04-17 22:15:11.348] [DEBUG] main - Command "leave" loaded
[2018-04-17 22:15:11.584] [DEBUG] main - Command "nyaa" loaded
[2018-04-17 22:15:11.585] [DEBUG] main - Command "play" loaded
[2018-04-17 22:15:11.995] [DEBUG] main - Command "rae" loaded
[2018-04-17 22:15:12.045] [DEBUG] main - Command "say" loaded
[2018-04-17 22:15:12.692] [INFO] main - DSP BOT: All packed up and ready to go!
[2018-04-17 22:15:14.444] [DEBUG] main - Command "joinme" executed by "Saix93" with args ""
[2018-04-17 22:15:20.749] [DEBUG] main - Command "play" executed by "Saix93" with args "asd das ewaea"
[2018-04-17 22:15:25.333] [INFO] main - DSP-BOT is shutting down...
[2018-04-17 22:17:42.644] [DEBUG] main - Command "block" loaded
[2018-04-17 22:17:42.647] [DEBUG] main - Command "grant" loaded
[2018-04-17 22:17:42.647] [DEBUG] main - Command "greet" loaded
[2018-04-17 22:17:42.648] [DEBUG] main - Command "help" loaded
[2018-04-17 22:17:42.649] [DEBUG] main - Command "joinme" loaded
[2018-04-17 22:17:42.649] [DEBUG] main - Command "leave" loaded
[2018-04-17 22:17:42.894] [DEBUG] main - Command "nyaa" loaded
[2018-04-17 22:17:42.896] [DEBUG] main - Command "play" loaded
[2018-04-17 22:17:43.304] [DEBUG] main - Command "rae" loaded
[2018-04-17 22:17:43.355] [DEBUG] main - Command "say" loaded
[2018-04-17 22:17:44.003] [INFO] main - DSP BOT: All packed up and ready to go!
[2018-04-17 22:17:46.233] [DEBUG] main - Command "joinme" executed by "Saix93" with args ""
[2018-04-17 22:17:53.499] [DEBUG] main - Command "play" executed by "Saix93" with args ""
[2018-04-17 22:22:14.024] [DEBUG] main - Command "block" loaded
[2018-04-17 22:22:14.026] [DEBUG] main - Command "grant" loaded
[2018-04-17 22:22:14.026] [DEBUG] main - Command "greet" loaded
[2018-04-17 22:22:14.027] [DEBUG] main - Command "help" loaded
[2018-04-17 22:22:14.028] [DEBUG] main - Command "joinme" loaded
[2018-04-17 22:22:14.028] [DEBUG] main - Command "leave" loaded
[2018-04-17 22:22:14.265] [DEBUG] main - Command "nyaa" loaded
[2018-04-17 22:22:14.267] [DEBUG] main - Command "play" loaded
[2018-04-17 22:22:14.682] [DEBUG] main - Command "rae" loaded
[2018-04-17 22:22:14.734] [DEBUG] main - Command "say" loaded
[2018-04-17 22:22:15.697] [INFO] main - DSP BOT: All packed up and ready to go!
[2018-04-17 22:22:17.304] [DEBUG] main - Command "play" executed by "Saix93" with args ""
[2018-04-17 22:22:20.530] [DEBUG] main - Command "joinme" executed by "Saix93" with args ""
[2018-04-17 22:22:21.741] [DEBUG] main - Command "play" executed by "Saix93" with args ""
[2018-04-17 22:22:24.604] [INFO] main - DSP-BOT is shutting down...
[2018-04-17 22:22:54.182] [DEBUG] main - Command "block" loaded
[2018-04-17 22:22:54.185] [DEBUG] main - Command "grant" loaded
[2018-04-17 22:22:54.185] [DEBUG] main - Command "greet" loaded
[2018-04-17 22:22:54.186] [DEBUG] main - Command "help" loaded
[2018-04-17 22:22:54.187] [DEBUG] main - Command "joinme" loaded
[2018-04-17 22:22:54.187] [DEBUG] main - Command "leave" loaded
[2018-04-17 22:22:54.428] [DEBUG] main - Command "nyaa" loaded
[2018-04-17 22:22:54.429] [DEBUG] main - Command "play" loaded
[2018-04-17 22:22:54.814] [DEBUG] main - Command "rae" loaded
[2018-04-17 22:22:54.861] [DEBUG] main - Command "say" loaded
[2018-04-17 22:22:55.442] [INFO] main - DSP BOT: All packed up and ready to go!
[2018-04-17 22:23:00.189] [DEBUG] main - Command "play" executed by "Saix93" with args ""
[2018-04-17 22:23:03.626] [DEBUG] main - Command "joinme" executed by "Saix93" with args ""
[2018-04-17 22:23:05.610] [DEBUG] main - Command "play" executed by "Saix93" with args ""
[2018-04-17 22:23:43.783] [DEBUG] main - Command "play" executed by "Saix93" with args "asd"
[2018-04-17 22:23:48.053] [INFO] main - DSP-BOT is shutting down...
[2018-04-17 22:25:32.155] [DEBUG] main - Command "block" loaded
[2018-04-17 22:25:32.157] [DEBUG] main - Command "grant" loaded
[2018-04-17 22:25:32.157] [DEBUG] main - Command "greet" loaded
[2018-04-17 22:25:32.158] [DEBUG] main - Command "help" loaded
[2018-04-17 22:25:32.159] [DEBUG] main - Command "joinme" loaded
[2018-04-17 22:25:32.159] [DEBUG] main - Command "leave" loaded
[2018-04-17 22:25:32.393] [DEBUG] main - Command "nyaa" loaded
[2018-04-17 22:25:32.394] [DEBUG] main - Command "play" loaded
[2018-04-17 22:25:32.793] [DEBUG] main - Command "rae" loaded
[2018-04-17 22:25:32.851] [DEBUG] main - Command "say" loaded
[2018-04-17 22:25:33.415] [INFO] main - DSP BOT: All packed up and ready to go!
[2018-04-17 22:25:35.809] [DEBUG] main - Command "joinme" executed by "Saix93" with args ""
[2018-04-17 22:25:49.796] [DEBUG] main - Command "play" executed by "Saix93" with args "Fumar pollos"
[2018-04-17 22:26:00.134] [DEBUG] main - Command "play" executed by "Saix93" with args "Herraduras"
[2018-04-17 22:26:02.578] [INFO] main - DSP-BOT is shutting down...
[2018-04-17 22:26:11.792] [DEBUG] main - Command "block" loaded
[2018-04-17 22:26:11.794] [DEBUG] main - Command "grant" loaded
[2018-04-17 22:26:11.795] [DEBUG] main - Command "greet" loaded
[2018-04-17 22:26:11.795] [DEBUG] main - Command "help" loaded
[2018-04-17 22:26:11.796] [DEBUG] main - Command "joinme" loaded
[2018-04-17 22:26:11.797] [DEBUG] main - Command "leave" loaded
[2018-04-17 22:26:12.035] [DEBUG] main - Command "nyaa" loaded
[2018-04-17 22:26:12.036] [DEBUG] main - Command "play" loaded
[2018-04-17 22:26:12.440] [DEBUG] main - Command "rae" loaded
[2018-04-17 22:26:12.493] [DEBUG] main - Command "say" loaded
[2018-04-17 22:26:13.031] [INFO] main - DSP BOT: All packed up and ready to go!
[2018-04-17 22:26:14.877] [DEBUG] main - Command "joinme" executed by "Saix93" with args ""
[2018-04-17 22:26:20.219] [DEBUG] main - Command "play" executed by "Saix93" with args "fumar pollos"
[2018-04-17 22:26:22.171] [INFO] main - DSP-BOT is shutting down...
[2018-04-17 22:27:34.386] [DEBUG] main - Command "block" loaded
[2018-04-17 22:27:34.388] [DEBUG] main - Command "grant" loaded
[2018-04-17 22:27:34.389] [DEBUG] main - Command "greet" loaded
[2018-04-17 22:27:34.389] [DEBUG] main - Command "help" loaded
[2018-04-17 22:27:34.390] [DEBUG] main - Command "joinme" loaded
[2018-04-17 22:27:34.391] [DEBUG] main - Command "leave" loaded
[2018-04-17 22:27:34.629] [DEBUG] main - Command "nyaa" loaded
[2018-04-17 22:27:34.630] [DEBUG] main - Command "play" loaded
[2018-04-17 22:27:35.031] [DEBUG] main - Command "rae" loaded
[2018-04-17 22:27:35.083] [DEBUG] main - Command "say" loaded
[2018-04-17 22:27:35.810] [INFO] main - DSP BOT: All packed up and ready to go!
[2018-04-17 22:27:37.913] [DEBUG] main - Command "joinme" executed by "Saix93" with args ""
[2018-04-17 22:27:40.868] [DEBUG] main - Command "play" executed by "Saix93" with args "fumar pollos"
[2018-04-17 22:28:42.685] [INFO] main - DSP-BOT is shutting down...
[2018-04-17 22:29:52.580] [DEBUG] main - Command "block" loaded
[2018-04-17 22:29:52.582] [DEBUG] main - Command "grant" loaded
[2018-04-17 22:29:52.582] [DEBUG] main - Command "greet" loaded
[2018-04-17 22:29:52.583] [DEBUG] main - Command "help" loaded
[2018-04-17 22:29:52.584] [DEBUG] main - Command "joinme" loaded
[2018-04-17 22:29:52.584] [DEBUG] main - Command "leave" loaded
[2018-04-17 22:29:52.818] [DEBUG] main - Command "nyaa" loaded
[2018-04-17 22:29:52.819] [DEBUG] main - Command "play" loaded
[2018-04-17 22:29:53.196] [DEBUG] main - Command "rae" loaded
[2018-04-17 22:29:53.245] [DEBUG] main - Command "say" loaded
[2018-04-17 22:29:53.761] [INFO] main - DSP BOT: All packed up and ready to go!
[2018-04-17 22:29:58.390] [WARN] main - User "Basch" attempted to execute command "joinme", but has insufficient permissions level (3)
[2018-04-17 22:34:16.047] [DEBUG] main - Command "block" loaded
[2018-04-17 22:34:16.049] [DEBUG] main - Command "grant" loaded
[2018-04-17 22:34:16.049] [DEBUG] main - Command "greet" loaded
[2018-04-17 22:34:16.050] [DEBUG] main - Command "help" loaded
[2018-04-17 22:34:16.051] [DEBUG] main - Command "joinme" loaded
[2018-04-17 22:34:16.051] [DEBUG] main - Command "leave" loaded
[2018-04-17 22:34:16.287] [DEBUG] main - Command "nyaa" loaded
[2018-04-17 22:34:16.288] [DEBUG] main - Command "play" loaded
[2018-04-17 22:34:16.681] [DEBUG] main - Command "rae" loaded
[2018-04-17 22:34:16.734] [DEBUG] main - Command "say" loaded
[2018-04-17 22:34:17.303] [INFO] main - DSP BOT: All packed up and ready to go!
[2018-04-17 22:34:26.390] [DEBUG] main - Command "joinme" executed by "Saix93" with args ""
[2018-04-17 22:34:31.761] [DEBUG] main - Command "play" executed by "Saix93" with args "herraduras"
[2018-04-17 22:35:14.014] [INFO] main - DSP-BOT is shutting down...
[2018-04-17 22:41:18.482] [DEBUG] main - Command "block" loaded
[2018-04-17 22:41:18.484] [DEBUG] main - Command "grant" loaded
[2018-04-17 22:41:18.484] [DEBUG] main - Command "greet" loaded
[2018-04-17 22:41:18.485] [DEBUG] main - Command "help" loaded
[2018-04-17 22:41:18.486] [DEBUG] main - Command "joinme" loaded
[2018-04-17 22:41:18.486] [DEBUG] main - Command "leave" loaded
[2018-04-17 22:41:18.724] [DEBUG] main - Command "nyaa" loaded
[2018-04-17 22:41:18.725] [DEBUG] main - Command "play" loaded
[2018-04-17 22:41:19.094] [DEBUG] main - Command "rae" loaded
[2018-04-17 22:41:19.147] [DEBUG] main - Command "say" loaded
[2018-04-17 22:41:20.604] [INFO] main - DSP-BOT is shutting down...
[2018-04-17 22:43:55.636] [DEBUG] main - Command "block" loaded
[2018-04-17 22:43:55.638] [DEBUG] main - Command "grant" loaded
[2018-04-17 22:43:55.639] [DEBUG] main - Command "greet" loaded
[2018-04-17 22:43:55.640] [DEBUG] main - Command "help" loaded
[2018-04-17 22:43:55.640] [DEBUG] main - Command "joinme" loaded
[2018-04-17 22:43:55.641] [DEBUG] main - Command "leave" loaded
[2018-04-17 22:43:55.877] [DEBUG] main - Command "nyaa" loaded
[2018-04-17 22:43:55.878] [DEBUG] main - Command "play" loaded
[2018-04-17 22:43:56.269] [DEBUG] main - Command "rae" loaded
[2018-04-17 22:43:56.319] [DEBUG] main - Command "say" loaded
[2018-04-17 22:43:56.938] [INFO] main - DSP-BOT is shutting down...
[2018-04-17 22:44:28.625] [DEBUG] main - Command "block" loaded
[2018-04-17 22:44:28.627] [DEBUG] main - Command "grant" loaded
[2018-04-17 22:44:28.628] [DEBUG] main - Command "greet" loaded
[2018-04-17 22:44:28.628] [DEBUG] main - Command "help" loaded
[2018-04-17 22:44:28.629] [DEBUG] main - Command "joinme" loaded
[2018-04-17 22:44:28.630] [DEBUG] main - Command "leave" loaded
[2018-04-17 22:44:28.867] [DEBUG] main - Command "nyaa" loaded
[2018-04-17 22:44:28.868] [DEBUG] main - Command "play" loaded
[2018-04-17 22:44:29.256] [DEBUG] main - Command "rae" loaded
[2018-04-17 22:44:29.305] [DEBUG] main - Command "say" loaded
[2018-04-17 22:44:29.841] [INFO] main - DSP-BOT is shutting down...
[2018-04-17 22:46:19.133] [DEBUG] main - Command "block" loaded
[2018-04-17 22:46:19.135] [DEBUG] main - Command "grant" loaded
[2018-04-17 22:46:19.135] [DEBUG] main - Command "greet" loaded
[2018-04-17 22:46:19.136] [DEBUG] main - Command "help" loaded
[2018-04-17 22:46:19.137] [DEBUG] main - Command "joinme" loaded
[2018-04-17 22:46:19.137] [DEBUG] main - Command "leave" loaded
[2018-04-17 22:46:19.372] [DEBUG] main - Command "nyaa" loaded
[2018-04-17 22:46:19.373] [DEBUG] main - Command "play" loaded
[2018-04-17 22:46:19.757] [DEBUG] main - Command "rae" loaded
[2018-04-17 22:46:19.808] [DEBUG] main - Command "say" loaded
[2018-04-17 22:46:20.391] [INFO] main - DSP BOT: All packed up and ready to go!
[2018-04-17 22:46:35.005] [INFO] main - DSP-BOT is shutting down...
[2018-04-17 22:46:40.259] [DEBUG] main - Command "block" loaded
[2018-04-17 22:46:40.261] [DEBUG] main - Command "grant" loaded
[2018-04-17 22:46:40.262] [DEBUG] main - Command "greet" loaded
[2018-04-17 22:46:40.262] [DEBUG] main - Command "help" loaded
[2018-04-17 22:46:40.263] [DEBUG] main - Command "joinme" loaded
[2018-04-17 22:46:40.264] [DEBUG] main - Command "leave" loaded
[2018-04-17 22:46:40.498] [DEBUG] main - Command "nyaa" loaded
[2018-04-17 22:46:40.499] [DEBUG] main - Command "play" loaded
[2018-04-17 22:46:40.872] [DEBUG] main - Command "rae" loaded
[2018-04-17 22:46:40.924] [DEBUG] main - Command "say" loaded
[2018-04-17 22:46:41.486] [INFO] main - DSP BOT: All packed up and ready to go!
[2018-04-17 22:46:51.446] [INFO] main - DSP-BOT is shutting down...
[2018-04-17 22:49:02.629] [DEBUG] main - Command "block" loaded
[2018-04-17 22:49:02.632] [DEBUG] main - Command "grant" loaded
[2018-04-17 22:49:02.632] [DEBUG] main - Command "greet" loaded
[2018-04-17 22:49:02.633] [DEBUG] main - Command "help" loaded
[2018-04-17 22:49:02.634] [DEBUG] main - Command "joinme" loaded
[2018-04-17 22:49:02.634] [DEBUG] main - Command "leave" loaded
[2018-04-17 22:49:02.870] [DEBUG] main - Command "nyaa" loaded
[2018-04-17 22:49:02.871] [DEBUG] main - Command "play" loaded
[2018-04-17 22:49:03.256] [DEBUG] main - Command "rae" loaded
[2018-04-17 22:49:03.305] [DEBUG] main - Command "say" loaded
[2018-04-17 22:49:04.042] [INFO] main - DSP BOT: All packed up and ready to go!
[2018-04-17 22:49:06.437] [INFO] main - DSP-BOT is shutting down...
[2018-04-17 22:49:21.622] [DEBUG] main - Command "block" loaded
[2018-04-17 22:49:21.624] [DEBUG] main - Command "grant" loaded
[2018-04-17 22:49:21.625] [DEBUG] main - Command "greet" loaded
[2018-04-17 22:49:21.625] [DEBUG] main - Command "help" loaded
[2018-04-17 22:49:21.626] [DEBUG] main - Command "joinme" loaded
[2018-04-17 22:49:21.627] [DEBUG] main - Command "leave" loaded
[2018-04-17 22:49:21.861] [DEBUG] main - Command "nyaa" loaded
[2018-04-17 22:49:21.862] [DEBUG] main - Command "play" loaded
[2018-04-17 22:49:22.240] [DEBUG] main - Command "rae" loaded
[2018-04-17 22:49:22.288] [DEBUG] main - Command "say" loaded
[2018-04-17 22:49:22.985] [INFO] main - DSP BOT: All packed up and ready to go!
[2018-04-17 22:49:35.069] [INFO] main - DSP-BOT is shutting down...
[2018-04-17 22:51:28.033] [DEBUG] main - Command "block" loaded
[2018-04-17 22:51:28.036] [DEBUG] main - Command "grant" loaded
[2018-04-17 22:51:28.036] [DEBUG] main - Command "greet" loaded
[2018-04-17 22:51:28.037] [DEBUG] main - Command "help" loaded
[2018-04-17 22:51:28.038] [DEBUG] main - Command "joinme" loaded
[2018-04-17 22:51:28.038] [DEBUG] main - Command "leave" loaded
[2018-04-17 22:51:28.272] [DEBUG] main - Command "nyaa" loaded
[2018-04-17 22:51:28.272] [DEBUG] main - Command "play" loaded
[2018-04-17 22:51:28.678] [DEBUG] main - Command "rae" loaded
[2018-04-17 22:51:28.728] [DEBUG] main - Command "say" loaded
[2018-04-17 22:51:29.313] [INFO] main - DSP BOT: All packed up and ready to go!
[2018-04-17 22:52:10.173] [INFO] main - DSP-BOT is shutting down...
[2018-04-17 22:53:37.233] [DEBUG] main - Command "block" loaded
[2018-04-17 22:53:37.235] [DEBUG] main - Command "grant" loaded
[2018-04-17 22:53:37.236] [DEBUG] main - Command "greet" loaded
[2018-04-17 22:53:37.236] [DEBUG] main - Command "help" loaded
[2018-04-17 22:53:37.237] [DEBUG] main - Command "joinme" loaded
[2018-04-17 22:53:37.237] [DEBUG] main - Command "leave" loaded
[2018-04-17 22:53:37.474] [DEBUG] main - Command "nyaa" loaded
[2018-04-17 22:53:37.476] [DEBUG] main - Command "play" loaded
[2018-04-17 22:53:37.859] [DEBUG] main - Command "rae" loaded
[2018-04-17 22:53:37.909] [DEBUG] main - Command "say" loaded
[2018-04-17 22:53:38.670] [INFO] main - DSP BOT: All packed up and ready to go!
[2018-04-17 22:53:41.914] [INFO] main - DSP-BOT is shutting down...
[2018-04-17 23:16:10.463] [DEBUG] main - Command "block" loaded
[2018-04-17 23:16:10.465] [DEBUG] main - Command "grant" loaded
[2018-04-17 23:16:10.466] [DEBUG] main - Command "greet" loaded
[2018-04-17 23:16:10.467] [DEBUG] main - Command "help" loaded
[2018-04-17 23:16:10.468] [DEBUG] main - Command "joinme" loaded
[2018-04-17 23:16:10.469] [DEBUG] main - Command "leave" loaded
[2018-04-17 23:16:10.719] [DEBUG] main - Command "nyaa" loaded
[2018-04-17 23:16:10.720] [DEBUG] main - Command "play" loaded
[2018-04-17 23:16:11.114] [DEBUG] main - Command "rae" loaded
[2018-04-17 23:16:11.169] [DEBUG] main - Command "say" loaded
[2018-04-17 23:16:11.756] [INFO] main - DSP BOT: All packed up and ready to go!
[2018-04-17 23:16:14.414] [DEBUG] main - Command "joinme" executed by "Saix93" with args ""
[2018-04-17 23:16:16.607] [WARN] main - User Saix93 tried to invoke undefined command asd
[2018-04-17 23:16:25.853] [WARN] main - User Saix93 tried to invoke undefined command me
[2018-04-17 23:16:35.532] [DEBUG] main - Command "leave" executed by "Saix93" with args ""
[2018-04-17 23:16:35.532] [WARN] main - Error: I'm not in your voice channel!
[2018-04-17 23:16:47.647] [INFO] main - DSP-BOT is shutting down...
[2018-04-17 23:19:20.039] [DEBUG] main - Command "block" loaded
[2018-04-17 23:19:20.041] [DEBUG] main - Command "grant" loaded
[2018-04-17 23:19:20.042] [DEBUG] main - Command "greet" loaded
[2018-04-17 23:19:20.043] [DEBUG] main - Command "help" loaded
[2018-04-17 23:19:20.043] [DEBUG] main - Command "joinme" loaded
[2018-04-17 23:19:20.044] [DEBUG] main - Command "leave" loaded
[2018-04-17 23:19:20.281] [DEBUG] main - Command "nyaa" loaded
[2018-04-17 23:19:20.282] [DEBUG] main - Command "play" loaded
[2018-04-17 23:19:20.663] [DEBUG] main - Command "rae" loaded
[2018-04-17 23:19:20.714] [DEBUG] main - Command "say" loaded
[2018-04-17 23:19:22.005] [INFO] main - DSP BOT: All packed up and ready to go!
[2018-04-17 23:19:28.180] [DEBUG] main - Command "joinme" executed by "Saix93" with args ""
[2018-04-17 23:19:36.904] [DEBUG] main - Command "grant" executed by "Saix93" with args "-h"
[2018-04-17 23:19:36.904] [WARN] main - TypeError: client.reply is not a function
[2018-04-17 23:19:43.146] [DEBUG] main - Command "grant" executed by "Saix93" with args "h"
[2018-04-17 23:19:43.146] [WARN] main - User "Saix93" tried to execute command without neccesary arguments
[2018-04-17 23:19:43.146] [WARN] main - Error: Insufficient arguments. Check _-grant -h_
[2018-04-17 23:20:09.047] [INFO] main - DSP-BOT is shutting down...
[2018-04-17 23:20:10.020] [DEBUG] main - Command "block" loaded
[2018-04-17 23:20:10.022] [DEBUG] main - Command "grant" loaded
[2018-04-17 23:20:10.023] [DEBUG] main - Command "greet" loaded
[2018-04-17 23:20:10.023] [DEBUG] main - Command "help" loaded
[2018-04-17 23:20:10.024] [DEBUG] main - Command "joinme" loaded
[2018-04-17 23:20:10.025] [DEBUG] main - Command "leave" loaded
[2018-04-17 23:20:10.272] [DEBUG] main - Command "nyaa" loaded
[2018-04-17 23:20:10.273] [DEBUG] main - Command "play" loaded
[2018-04-17 23:20:10.693] [DEBUG] main - Command "rae" loaded
[2018-04-17 23:20:10.751] [DEBUG] main - Command "say" loaded
[2018-04-17 23:20:11.308] [INFO] main - DSP BOT: All packed up and ready to go!
[2018-04-17 23:20:14.878] [DEBUG] main - Command "grant" executed by "Saix93" with args "-h"
[2018-04-17 23:20:14.879] [WARN] main - TypeError: client.reply is not a function
[2018-04-17 23:20:19.810] [INFO] main - DSP-BOT is shutting down...
[2018-04-17 23:24:31.673] [DEBUG] main - Command "block" loaded
[2018-04-17 23:24:31.675] [DEBUG] main - Command "grant" loaded
[2018-04-17 23:24:31.676] [DEBUG] main - Command "greet" loaded
[2018-04-17 23:24:31.677] [DEBUG] main - Command "help" loaded
[2018-04-17 23:24:31.677] [DEBUG] main - Command "joinme" loaded
[2018-04-17 23:24:31.678] [DEBUG] main - Command "leave" loaded
[2018-04-17 23:24:31.928] [DEBUG] main - Command "nyaa" loaded
[2018-04-17 23:24:31.929] [DEBUG] main - Command "play" loaded
[2018-04-17 23:24:32.341] [DEBUG] main - Command "rae" loaded
[2018-04-17 23:24:32.393] [DEBUG] main - Command "say" loaded
[2018-04-17 23:24:32.957] [INFO] main - DSP BOT: All packed up and ready to go!
[2018-04-17 23:24:37.815] [DEBUG] main - Command "rae" executed by "Saix93" with args "hola"
[2018-04-17 23:24:56.532] [DEBUG] main - Command "help" executed by "Saix93" with args ""
[2018-04-17 23:25:09.249] [DEBUG] main - Command "say" executed by "Saix93" with args "ola k ase"
[2018-04-17 23:25:09.369] [INFO] main - DSP-BOT is shutting down...
[2018-04-17 23:26:22.527] [DEBUG] main - Command "block" loaded
[2018-04-17 23:26:22.529] [DEBUG] main - Command "grant" loaded
[2018-04-17 23:26:22.530] [DEBUG] main - Command "greet" loaded
[2018-04-17 23:26:22.530] [DEBUG] main - Command "help" loaded
[2018-04-17 23:26:22.531] [DEBUG] main - Command "joinme" loaded
[2018-04-17 23:26:22.532] [DEBUG] main - Command "leave" loaded
[2018-04-17 23:26:22.775] [DEBUG] main - Command "nyaa" loaded
[2018-04-17 23:26:22.776] [DEBUG] main - Command "play" loaded
[2018-04-17 23:26:23.154] [DEBUG] main - Command "rae" loaded
[2018-04-17 23:26:23.207] [DEBUG] main - Command "say" loaded
[2018-04-17 23:26:23.799] [INFO] main - DSP BOT: All packed up and ready to go!
[2018-04-17 23:26:25.361] [DEBUG] main - Command "rae" executed by "Saix93" with args "hola"
[2018-04-17 23:26:27.834] [INFO] main - DSP-BOT is shutting down...
[2018-04-17 23:26:54.672] [DEBUG] main - Command "block" loaded
[2018-04-17 23:26:54.674] [DEBUG] main - Command "grant" loaded
[2018-04-17 23:26:54.675] [DEBUG] main - Command "greet" loaded
[2018-04-17 23:26:54.675] [DEBUG] main - Command "help" loaded
[2018-04-17 23:26:54.676] [DEBUG] main - Command "joinme" loaded
[2018-04-17 23:26:54.677] [DEBUG] main - Command "leave" loaded
[2018-04-17 23:26:54.913] [DEBUG] main - Command "nyaa" loaded
[2018-04-17 23:26:54.914] [DEBUG] main - Command "play" loaded
[2018-04-17 23:26:55.314] [DEBUG] main - Command "rae" loaded
[2018-04-17 23:26:55.364] [DEBUG] main - Command "say" loaded
[2018-04-17 23:26:56.049] [INFO] main - DSP BOT: All packed up and ready to go!
[2018-04-17 23:26:57.799] [DEBUG] main - Command "rae" executed by "Saix93" with args "hola"
[2018-04-17 23:27:01.893] [INFO] main - DSP-BOT is shutting down...
[2018-04-17 23:27:56.065] [DEBUG] main - Command "block" loaded
[2018-04-17 23:27:56.068] [DEBUG] main - Command "grant" loaded
[2018-04-17 23:27:56.068] [DEBUG] main - Command "greet" loaded
[2018-04-17 23:27:56.069] [DEBUG] main - Command "help" loaded
[2018-04-17 23:27:56.070] [DEBUG] main - Command "joinme" loaded
[2018-04-17 23:27:56.070] [DEBUG] main - Command "leave" loaded
[2018-04-17 23:27:56.307] [DEBUG] main - Command "nyaa" loaded
[2018-04-17 23:27:56.308] [DEBUG] main - Command "play" loaded
[2018-04-17 23:27:56.690] [DEBUG] main - Command "rae" loaded
[2018-04-17 23:27:56.740] [DEBUG] main - Command "say" loaded
[2018-04-17 23:27:57.296] [INFO] main - DSP BOT: All packed up and ready to go!
[2018-04-17 23:27:59.387] [DEBUG] main - Command "rae" executed by "Saix93" with args "hola"
[2018-04-17 23:28:13.028] [INFO] main - DSP-BOT is shutting down...
[2018-04-17 23:29:15.916] [DEBUG] main - Command "block" loaded
[2018-04-17 23:29:15.918] [DEBUG] main - Command "grant" loaded
[2018-04-17 23:29:15.919] [DEBUG] main - Command "greet" loaded
[2018-04-17 23:29:15.920] [DEBUG] main - Command "help" loaded
[2018-04-17 23:29:15.920] [DEBUG] main - Command "joinme" loaded
[2018-04-17 23:29:15.921] [DEBUG] main - Command "leave" loaded
[2018-04-17 23:29:16.154] [DEBUG] main - Command "nyaa" loaded
[2018-04-17 23:29:16.154] [DEBUG] main - Command "play" loaded
[2018-04-17 23:29:16.526] [DEBUG] main - Command "rae" loaded
[2018-04-17 23:29:16.574] [DEBUG] main - Command "say" loaded
[2018-04-17 23:29:17.124] [INFO] main - DSP BOT: All packed up and ready to go!
[2018-04-17 23:29:19.815] [DEBUG] main - Command "rae" executed by "Saix93" with args "hola"
[2018-04-17 23:29:31.130] [INFO] main - DSP-BOT is shutting down...
[2018-04-17 23:30:32.156] [DEBUG] main - Command "block" loaded
[2018-04-17 23:30:32.159] [DEBUG] main - Command "grant" loaded
[2018-04-17 23:30:32.159] [DEBUG] main - Command "greet" loaded
[2018-04-17 23:30:32.160] [DEBUG] main - Command "help" loaded
[2018-04-17 23:30:32.161] [DEBUG] main - Command "joinme" loaded
[2018-04-17 23:30:32.161] [DEBUG] main - Command "leave" loaded
[2018-04-17 23:30:32.407] [DEBUG] main - Command "nyaa" loaded
[2018-04-17 23:30:32.408] [DEBUG] main - Command "play" loaded
[2018-04-17 23:30:32.813] [DEBUG] main - Command "rae" loaded
[2018-04-17 23:30:32.869] [DEBUG] main - Command "say" loaded
[2018-04-17 23:30:33.411] [INFO] main - DSP BOT: All packed up and ready to go!
[2018-04-17 23:30:35.549] [DEBUG] main - Command "rae" executed by "Saix93" with args "hola"
[2018-04-17 23:30:37.566] [INFO] main - DSP-BOT is shutting down...
[2018-04-17 23:32:30.356] [DEBUG] main - Command "block" loaded
[2018-04-17 23:32:30.358] [DEBUG] main - Command "grant" loaded
[2018-04-17 23:32:30.359] [DEBUG] main - Command "greet" loaded
[2018-04-17 23:32:30.360] [DEBUG] main - Command "help" loaded
[2018-04-17 23:32:30.360] [DEBUG] main - Command "joinme" loaded
[2018-04-17 23:32:30.361] [DEBUG] main - Command "leave" loaded
[2018-04-17 23:32:30.623] [DEBUG] main - Command "nyaa" loaded
[2018-04-17 23:32:30.624] [DEBUG] main - Command "play" loaded
[2018-04-17 23:32:31.053] [DEBUG] main - Command "rae" loaded
[2018-04-17 23:32:31.109] [DEBUG] main - Command "say" loaded
[2018-04-17 23:32:31.704] [INFO] main - DSP BOT: All packed up and ready to go!
[2018-04-17 23:32:33.798] [DEBUG] main - Command "rae" executed by "Saix93" with args "hola"
[2018-04-17 23:32:36.157] [INFO] main - DSP-BOT is shutting down...
[2018-04-17 23:32:44.525] [DEBUG] main - Command "block" loaded
[2018-04-17 23:32:44.527] [DEBUG] main - Command "grant" loaded
[2018-04-17 23:32:44.528] [DEBUG] main - Command "greet" loaded
[2018-04-17 23:32:44.528] [DEBUG] main - Command "help" loaded
[2018-04-17 23:32:44.529] [DEBUG] main - Command "joinme" loaded
[2018-04-17 23:32:44.530] [DEBUG] main - Command "leave" loaded
[2018-04-17 23:32:44.768] [DEBUG] main - Command "nyaa" loaded
[2018-04-17 23:32:44.769] [DEBUG] main - Command "play" loaded
[2018-04-17 23:32:45.146] [DEBUG] main - Command "rae" loaded
[2018-04-17 23:32:45.209] [DEBUG] main - Command "say" loaded
[2018-04-17 23:32:45.948] [INFO] main - DSP BOT: All packed up and ready to go!
[2018-04-17 23:32:47.926] [DEBUG] main - Command "rae" executed by "Saix93" with args "hola"
[2018-04-17 23:32:50.843] [INFO] main - DSP-BOT is shutting down...
[2018-04-17 23:33:09.606] [DEBUG] main - Command "block" loaded
[2018-04-17 23:33:09.609] [DEBUG] main - Command "grant" loaded
[2018-04-17 23:33:09.609] [DEBUG] main - Command "greet" loaded
[2018-04-17 23:33:09.610] [DEBUG] main - Command "help" loaded
[2018-04-17 23:33:09.610] [DEBUG] main - Command "joinme" loaded
[2018-04-17 23:33:09.611] [DEBUG] main - Command "leave" loaded
[2018-04-17 23:33:09.859] [DEBUG] main - Command "nyaa" loaded
[2018-04-17 23:33:09.859] [DEBUG] main - Command "play" loaded
[2018-04-17 23:33:10.251] [DEBUG] main - Command "rae" loaded
[2018-04-17 23:33:10.308] [DEBUG] main - Command "say" loaded
[2018-04-17 23:33:10.865] [INFO] main - DSP BOT: All packed up and ready to go!
[2018-04-17 23:33:12.370] [DEBUG] main - Command "rae" executed by "Saix93" with args "hola"
[2018-04-17 23:33:12.435] [INFO] main - DSP-BOT is shutting down...
[2018-04-17 23:33:55.879] [DEBUG] main - Command "block" loaded
[2018-04-17 23:33:55.881] [DEBUG] main - Command "grant" loaded
[2018-04-17 23:33:55.882] [DEBUG] main - Command "greet" loaded
[2018-04-17 23:33:55.883] [DEBUG] main - Command "help" loaded
[2018-04-17 23:33:55.883] [DEBUG] main - Command "joinme" loaded
[2018-04-17 23:33:55.884] [DEBUG] main - Command "leave" loaded
[2018-04-17 23:33:56.117] [DEBUG] main - Command "nyaa" loaded
[2018-04-17 23:33:56.118] [DEBUG] main - Command "play" loaded
[2018-04-17 23:33:56.520] [DEBUG] main - Command "rae" loaded
[2018-04-17 23:33:56.573] [DEBUG] main - Command "say" loaded
[2018-04-17 23:33:57.147] [INFO] main - DSP BOT: All packed up and ready to go!
[2018-04-17 23:33:59.014] [DEBUG] main - Command "rae" executed by "Saix93" with args "hola"
[2018-04-17 23:36:05.519] [INFO] main - DSP-BOT is shutting down...
[2018-04-17 23:36:06.546] [DEBUG] main - Command "block" loaded
[2018-04-17 23:36:06.548] [DEBUG] main - Command "grant" loaded
[2018-04-17 23:36:06.549] [DEBUG] main - Command "greet" loaded
[2018-04-17 23:36:06.550] [DEBUG] main - Command "help" loaded
[2018-04-17 23:36:06.550] [DEBUG] main - Command "joinme" loaded
[2018-04-17 23:36:06.551] [DEBUG] main - Command "leave" loaded
[2018-04-17 23:36:06.787] [DEBUG] main - Command "nyaa" loaded
[2018-04-17 23:36:06.787] [DEBUG] main - Command "play" loaded
[2018-04-17 23:36:07.196] [DEBUG] main - Command "rae" loaded
[2018-04-17 23:36:07.255] [DEBUG] main - Command "say" loaded
[2018-04-17 23:36:07.803] [INFO] main - DSP BOT: All packed up and ready to go!
[2018-04-17 23:36:11.013] [DEBUG] main - Command "rae" executed by "Saix93" with args "hola"
[2018-04-17 23:36:11.068] [INFO] main - DSP-BOT is shutting down...
[2018-04-17 23:38:26.773] [DEBUG] main - Command "block" loaded
[2018-04-17 23:38:26.776] [DEBUG] main - Command "grant" loaded
[2018-04-17 23:38:26.776] [DEBUG] main - Command "greet" loaded
[2018-04-17 23:38:26.777] [DEBUG] main - Command "help" loaded
[2018-04-17 23:38:26.778] [DEBUG] main - Command "joinme" loaded
[2018-04-17 23:38:26.778] [DEBUG] main - Command "leave" loaded
[2018-04-17 23:38:27.023] [DEBUG] main - Command "nyaa" loaded
[2018-04-17 23:38:27.024] [DEBUG] main - Command "play" loaded
[2018-04-17 23:38:27.469] [DEBUG] main - Command "rae" loaded
[2018-04-17 23:38:27.530] [DEBUG] main - Command "say" loaded
[2018-04-17 23:38:28.080] [INFO] main - DSP BOT: All packed up and ready to go!
[2018-04-17 23:38:30.055] [DEBUG] main - Command "rae" executed by "Saix93" with args "hola"
[2018-04-17 23:38:30.108] [INFO] main - DSP-BOT is shutting down...
[2018-04-17 23:39:12.117] [DEBUG] main - Command "block" loaded
[2018-04-17 23:39:12.120] [DEBUG] main - Command "grant" loaded
[2018-04-17 23:39:12.120] [DEBUG] main - Command "greet" loaded
[2018-04-17 23:39:12.121] [DEBUG] main - Command "help" loaded
[2018-04-17 23:39:12.121] [DEBUG] main - Command "joinme" loaded
[2018-04-17 23:39:12.122] [DEBUG] main - Command "leave" loaded
[2018-04-17 23:39:12.359] [DEBUG] main - Command "nyaa" loaded
[2018-04-17 23:39:12.360] [DEBUG] main - Command "play" loaded
[2018-04-17 23:39:12.757] [DEBUG] main - Command "rae" loaded
[2018-04-17 23:39:12.814] [DEBUG] main - Command "say" loaded
[2018-04-17 23:39:13.358] [INFO] main - DSP BOT: All packed up and ready to go!
[2018-04-17 23:39:14.748] [DEBUG] main - Command "rae" executed by "Saix93" with args "hola"
[2018-04-17 23:40:35.588] [INFO] main - DSP-BOT is shutting down...
[2018-04-17 23:40:36.450] [DEBUG] main - Command "block" loaded
[2018-04-17 23:40:36.453] [DEBUG] main - Command "grant" loaded
[2018-04-17 23:40:36.453] [DEBUG] main - Command "greet" loaded
[2018-04-17 23:40:36.454] [DEBUG] main - Command "help" loaded
[2018-04-17 23:40:36.455] [DEBUG] main - Command "joinme" loaded
[2018-04-17 23:40:36.455] [DEBUG] main - Command "leave" loaded
[2018-04-17 23:40:36.707] [DEBUG] main - Command "nyaa" loaded
[2018-04-17 23:40:36.708] [DEBUG] main - Command "play" loaded
[2018-04-17 23:40:37.132] [DEBUG] main - Command "rae" loaded
[2018-04-17 23:40:37.188] [DEBUG] main - Command "say" loaded
[2018-04-17 23:40:37.749] [INFO] main - DSP BOT: All packed up and ready to go!
[2018-04-17 23:40:39.175] [DEBUG] main - Command "rae" executed by "Saix93" with args "hola"
[2018-04-17 23:40:39.240] [INFO] main - DSP-BOT is shutting down...
[2018-04-17 23:41:12.557] [DEBUG] main - Command "block" loaded
[2018-04-17 23:41:12.560] [DEBUG] main - Command "grant" loaded
[2018-04-17 23:41:12.560] [DEBUG] main - Command "greet" loaded
[2018-04-17 23:41:12.561] [DEBUG] main - Command "help" loaded
[2018-04-17 23:41:12.562] [DEBUG] main - Command "joinme" loaded
[2018-04-17 23:41:12.562] [DEBUG] main - Command "leave" loaded
[2018-04-17 23:41:12.796] [DEBUG] main - Command "nyaa" loaded
[2018-04-17 23:41:12.797] [DEBUG] main - Command "play" loaded
[2018-04-17 23:41:13.209] [DEBUG] main - Command "rae" loaded
[2018-04-17 23:41:13.266] [DEBUG] main - Command "say" loaded
[2018-04-17 23:41:13.796] [INFO] main - DSP BOT: All packed up and ready to go!
[2018-04-17 23:41:15.687] [DEBUG] main - Command "rae" executed by "Saix93" with args "hola"
[2018-04-17 23:41:56.249] [INFO] main - DSP-BOT is shutting down...
[2018-04-17 23:41:57.234] [DEBUG] main - Command "block" loaded
[2018-04-17 23:41:57.237] [DEBUG] main - Command "grant" loaded
[2018-04-17 23:41:57.237] [DEBUG] main - Command "greet" loaded
[2018-04-17 23:41:57.238] [DEBUG] main - Command "help" loaded
[2018-04-17 23:41:57.239] [DEBUG] main - Command "joinme" loaded
[2018-04-17 23:41:57.239] [DEBUG] main - Command "leave" loaded
[2018-04-17 23:41:57.474] [DEBUG] main - Command "nyaa" loaded
[2018-04-17 23:41:57.476] [DEBUG] main - Command "play" loaded
[2018-04-17 23:41:57.901] [DEBUG] main - Command "rae" loaded
[2018-04-17 23:41:57.953] [DEBUG] main - Command "say" loaded
[2018-04-17 23:41:59.543] [INFO] main - DSP BOT: All packed up and ready to go!
[2018-04-17 23:42:00.809] [DEBUG] main - Command "rae" executed by "Saix93" with args "hola"
[2018-04-17 23:42:17.727] [INFO] main - DSP-BOT is shutting down...
[2018-04-17 23:43:57.702] [DEBUG] main - Command "block" loaded
[2018-04-17 23:43:57.704] [DEBUG] main - Command "grant" loaded
[2018-04-17 23:43:57.705] [DEBUG] main - Command "greet" loaded
[2018-04-17 23:43:57.705] [DEBUG] main - Command "help" loaded
[2018-04-17 23:43:57.706] [DEBUG] main - Command "joinme" loaded
[2018-04-17 23:43:57.706] [DEBUG] main - Command "leave" loaded
[2018-04-17 23:43:57.943] [DEBUG] main - Command "nyaa" loaded
[2018-04-17 23:43:57.943] [DEBUG] main - Command "play" loaded
[2018-04-17 23:43:58.350] [DEBUG] main - Command "rae" loaded
[2018-04-17 23:43:58.399] [DEBUG] main - Command "say" loaded
[2018-04-17 23:43:59.012] [INFO] main - DSP BOT: All packed up and ready to go!
[2018-04-17 23:44:00.549] [DEBUG] main - Command "rae" executed by "Saix93" with args "hola"
[2018-04-17 23:44:34.538] [INFO] main - DSP-BOT is shutting down...
[2018-04-17 23:44:35.479] [DEBUG] main - Command "block" loaded
[2018-04-17 23:44:35.481] [DEBUG] main - Command "grant" loaded
[2018-04-17 23:44:35.482] [DEBUG] main - Command "greet" loaded
[2018-04-17 23:44:35.482] [DEBUG] main - Command "help" loaded
[2018-04-17 23:44:35.483] [DEBUG] main - Command "joinme" loaded
[2018-04-17 23:44:35.483] [DEBUG] main - Command "leave" loaded
[2018-04-17 23:44:35.729] [DEBUG] main - Command "nyaa" loaded
[2018-04-17 23:44:35.730] [DEBUG] main - Command "play" loaded
[2018-04-17 23:44:36.128] [DEBUG] main - Command "rae" loaded
[2018-04-17 23:44:36.187] [DEBUG] main - Command "say" loaded
[2018-04-17 23:44:36.699] [INFO] main - DSP BOT: All packed up and ready to go!
[2018-04-17 23:44:39.966] [DEBUG] main - Command "rae" executed by "Saix93" with args "hola"
[2018-04-17 23:46:36.087] [INFO] main - DSP-BOT is shutting down...
[2018-04-17 23:46:36.994] [DEBUG] main - Command "block" loaded
[2018-04-17 23:46:36.996] [DEBUG] main - Command "grant" loaded
[2018-04-17 23:46:36.997] [DEBUG] main - Command "greet" loaded
[2018-04-17 23:46:36.998] [DEBUG] main - Command "help" loaded
[2018-04-17 23:46:36.999] [DEBUG] main - Command "joinme" loaded
[2018-04-17 23:46:36.999] [DEBUG] main - Command "leave" loaded
[2018-04-17 23:46:37.250] [DEBUG] main - Command "nyaa" loaded
[2018-04-17 23:46:37.251] [DEBUG] main - Command "play" loaded
[2018-04-17 23:46:37.647] [DEBUG] main - Command "rae" loaded
[2018-04-17 23:46:37.702] [DEBUG] main - Command "say" loaded
[2018-04-17 23:46:38.545] [INFO] main - DSP BOT: All packed up and ready to go!
[2018-04-17 23:46:39.702] [DEBUG] main - Command "rae" executed by "Saix93" with args "hola"
[2018-04-17 23:46:39.769] [INFO] main - DSP-BOT is shutting down...
[2018-04-17 23:48:02.058] [DEBUG] main - Command "block" loaded
[2018-04-17 23:48:02.061] [DEBUG] main - Command "grant" loaded
[2018-04-17 23:48:02.061] [DEBUG] main - Command "greet" loaded
[2018-04-17 23:48:02.062] [DEBUG] main - Command "help" loaded
[2018-04-17 23:48:02.063] [DEBUG] main - Command "joinme" loaded
[2018-04-17 23:48:02.063] [DEBUG] main - Command "leave" loaded
[2018-04-17 23:48:02.304] [DEBUG] main - Command "nyaa" loaded
[2018-04-17 23:48:02.305] [DEBUG] main - Command "play" loaded
[2018-04-17 23:48:02.706] [DEBUG] main - Command "rae" loaded
[2018-04-17 23:48:02.761] [DEBUG] main - Command "say" loaded
[2018-04-17 23:48:03.372] [INFO] main - DSP BOT: All packed up and ready to go!
[2018-04-17 23:48:06.065] [DEBUG] main - Command "rae" executed by "Saix93" with args "hola"
[2018-04-17 23:48:06.117] [INFO] main - DSP-BOT is shutting down...
[2018-04-17 23:49:04.816] [DEBUG] main - Command "block" loaded
[2018-04-17 23:49:04.818] [DEBUG] main - Command "grant" loaded
[2018-04-17 23:49:04.819] [DEBUG] main - Command "greet" loaded
[2018-04-17 23:49:04.820] [DEBUG] main - Command "help" loaded
[2018-04-17 23:49:04.820] [DEBUG] main - Command "joinme" loaded
[2018-04-17 23:49:04.821] [DEBUG] main - Command "leave" loaded
[2018-04-17 23:49:05.066] [DEBUG] main - Command "nyaa" loaded
[2018-04-17 23:49:05.067] [DEBUG] main - Command "play" loaded
[2018-04-17 23:49:05.450] [DEBUG] main - Command "rae" loaded
[2018-04-17 23:49:05.500] [DEBUG] main - Command "say" loaded
[2018-04-17 23:49:06.269] [INFO] main - DSP BOT: All packed up and ready to go!
[2018-04-17 23:49:10.875] [DEBUG] main - Command "rae" executed by "Saix93" with args "hola"
[2018-04-17 23:49:13.031] [INFO] main - DSP-BOT is shutting down...
[2018-04-17 23:49:21.791] [DEBUG] main - Command "block" loaded
[2018-04-17 23:49:21.793] [DEBUG] main - Command "grant" loaded
[2018-04-17 23:49:21.794] [DEBUG] main - Command "greet" loaded
[2018-04-17 23:49:21.794] [DEBUG] main - Command "help" loaded
[2018-04-17 23:49:21.795] [DEBUG] main - Command "joinme" loaded
[2018-04-17 23:49:21.796] [DEBUG] main - Command "leave" loaded
[2018-04-17 23:49:22.034] [DEBUG] main - Command "nyaa" loaded
[2018-04-17 23:49:22.035] [DEBUG] main - Command "play" loaded
[2018-04-17 23:49:22.436] [DEBUG] main - Command "rae" loaded
[2018-04-17 23:49:22.491] [DEBUG] main - Command "say" loaded
[2018-04-17 23:49:23.061] [INFO] main - DSP BOT: All packed up and ready to go!
[2018-04-17 23:49:24.728] [DEBUG] main - Command "rae" executed by "Saix93" with args "hola"
[2018-04-17 23:49:24.778] [INFO] main - DSP-BOT is shutting down...
[2018-04-17 23:49:37.822] [DEBUG] main - Command "block" loaded
[2018-04-17 23:49:37.824] [DEBUG] main - Command "grant" loaded
[2018-04-17 23:49:37.825] [DEBUG] main - Command "greet" loaded
[2018-04-17 23:49:37.825] [DEBUG] main - Command "help" loaded
[2018-04-17 23:49:37.826] [DEBUG] main - Command "joinme" loaded
[2018-04-17 23:49:37.826] [DEBUG] main - Command "leave" loaded
[2018-04-17 23:49:38.072] [DEBUG] main - Command "nyaa" loaded
[2018-04-17 23:49:38.073] [DEBUG] main - Command "play" loaded
[2018-04-17 23:49:38.472] [DEBUG] main - Command "rae" loaded
[2018-04-17 23:49:38.525] [DEBUG] main - Command "say" loaded
[2018-04-17 23:49:39.070] [INFO] main - DSP BOT: All packed up and ready to go!
[2018-04-17 23:49:40.973] [DEBUG] main - Command "rae" executed by "Saix93" with args "hola"
[2018-04-17 23:49:42.280] [INFO] main - DSP-BOT is shutting down...
[2018-04-17 23:50:47.341] [DEBUG] main - Command "block" loaded
[2018-04-17 23:50:47.344] [DEBUG] main - Command "grant" loaded
[2018-04-17 23:50:47.344] [DEBUG] main - Command "greet" loaded
[2018-04-17 23:50:47.345] [DEBUG] main - Command "help" loaded
[2018-04-17 23:50:47.346] [DEBUG] main - Command "joinme" loaded
[2018-04-17 23:50:47.346] [DEBUG] main - Command "leave" loaded
[2018-04-17 23:50:47.583] [DEBUG] main - Command "nyaa" loaded
[2018-04-17 23:50:47.584] [DEBUG] main - Command "play" loaded
[2018-04-17 23:50:47.973] [DEBUG] main - Command "rae" loaded
[2018-04-17 23:50:48.023] [DEBUG] main - Command "say" loaded
[2018-04-17 23:50:48.310] [INFO] main - DSP-BOT is shutting down...
[2018-04-17 23:52:51.514] [DEBUG] main - Command "block" loaded
[2018-04-17 23:52:51.517] [DEBUG] main - Command "grant" loaded
[2018-04-17 23:52:51.517] [DEBUG] main - Command "greet" loaded
[2018-04-17 23:52:51.518] [DEBUG] main - Command "help" loaded
[2018-04-17 23:52:51.519] [DEBUG] main - Command "joinme" loaded
[2018-04-17 23:52:51.519] [DEBUG] main - Command "leave" loaded
[2018-04-17 23:52:51.755] [DEBUG] main - Command "nyaa" loaded
[2018-04-17 23:52:51.756] [DEBUG] main - Command "play" loaded
[2018-04-17 23:52:52.138] [DEBUG] main - Command "rae" loaded
[2018-04-17 23:52:52.193] [DEBUG] main - Command "say" loaded
[2018-04-17 23:52:52.812] [INFO] main - DSP BOT: All packed up and ready to go!
[2018-04-17 23:52:57.052] [DEBUG] main - Command "rae" executed by "Saix93" with args "hola"
[2018-04-17 23:54:23.624] [INFO] main - DSP-BOT is shutting down...
[2018-04-17 23:54:24.585] [DEBUG] main - Command "block" loaded
[2018-04-17 23:54:24.587] [DEBUG] main - Command "grant" loaded
[2018-04-17 23:54:24.588] [DEBUG] main - Command "greet" loaded
[2018-04-17 23:54:24.589] [DEBUG] main - Command "help" loaded
[2018-04-17 23:54:24.589] [DEBUG] main - Command "joinme" loaded
[2018-04-17 23:54:24.590] [DEBUG] main - Command "leave" loaded
[2018-04-17 23:54:24.831] [DEBUG] main - Command "nyaa" loaded
[2018-04-17 23:54:24.832] [DEBUG] main - Command "play" loaded
[2018-04-17 23:54:25.213] [DEBUG] main - Command "rae" loaded
[2018-04-17 23:54:25.266] [DEBUG] main - Command "say" loaded
[2018-04-17 23:54:25.783] [INFO] main - DSP BOT: All packed up and ready to go!
[2018-04-17 23:54:27.309] [DEBUG] main - Command "rae" executed by "Saix93" with args "hola"
[2018-04-17 23:54:30.695] [INFO] main - DSP-BOT is shutting down...
[2018-04-17 23:56:23.624] [DEBUG] main - Command "block" loaded
[2018-04-17 23:56:23.627] [DEBUG] main - Command "grant" loaded
[2018-04-17 23:56:23.627] [DEBUG] main - Command "greet" loaded
[2018-04-17 23:56:23.628] [DEBUG] main - Command "help" loaded
[2018-04-17 23:56:23.629] [DEBUG] main - Command "joinme" loaded
[2018-04-17 23:56:23.629] [DEBUG] main - Command "leave" loaded
[2018-04-17 23:56:23.875] [DEBUG] main - Command "nyaa" loaded
[2018-04-17 23:56:23.876] [DEBUG] main - Command "play" loaded
[2018-04-17 23:56:24.277] [DEBUG] main - Command "rae" loaded
[2018-04-17 23:56:24.332] [DEBUG] main - Command "say" loaded
[2018-04-17 23:56:24.886] [INFO] main - DSP BOT: All packed up and ready to go!
[2018-04-17 23:56:26.356] [DEBUG] main - Command "rae" executed by "Saix93" with args "hola"
[2018-04-17 23:56:33.514] [INFO] main - DSP-BOT is shutting down...
[2018-04-17 23:56:34.408] [DEBUG] main - Command "block" loaded
[2018-04-17 23:56:34.411] [DEBUG] main - Command "grant" loaded
[2018-04-17 23:56:34.411] [DEBUG] main - Command "greet" loaded
[2018-04-17 23:56:34.412] [DEBUG] main - Command "help" loaded
[2018-04-17 23:56:34.413] [DEBUG] main - Command "joinme" loaded
[2018-04-17 23:56:34.413] [DEBUG] main - Command "leave" loaded
[2018-04-17 23:56:34.661] [DEBUG] main - Command "nyaa" loaded
[2018-04-17 23:56:34.662] [DEBUG] main - Command "play" loaded
[2018-04-17 23:56:35.071] [DEBUG] main - Command "rae" loaded
[2018-04-17 23:56:35.125] [DEBUG] main - Command "say" loaded
[2018-04-17 23:56:35.761] [INFO] main - DSP BOT: All packed up and ready to go!
[2018-04-17 23:56:37.772] [DEBUG] main - Command "rae" executed by "Saix93" with args "hola"
[2018-04-17 23:56:40.519] [INFO] main - DSP-BOT is shutting down...
[2018-04-17 23:59:41.153] [DEBUG] main - Command "block" loaded
[2018-04-17 23:59:41.156] [DEBUG] main - Command "grant" loaded
[2018-04-17 23:59:41.156] [DEBUG] main - Command "greet" loaded
[2018-04-17 23:59:41.157] [DEBUG] main - Command "help" loaded
[2018-04-17 23:59:41.158] [DEBUG] main - Command "joinme" loaded
[2018-04-17 23:59:41.158] [DEBUG] main - Command "leave" loaded
[2018-04-17 23:59:41.404] [DEBUG] main - Command "nyaa" loaded
[2018-04-17 23:59:41.405] [DEBUG] main - Command "play" loaded
[2018-04-17 23:59:41.818] [DEBUG] main - Command "rae" loaded
[2018-04-17 23:59:41.876] [DEBUG] main - Command "say" loaded
[2018-04-17 23:59:42.443] [INFO] main - DSP BOT: All packed up and ready to go!
[2018-04-17 23:59:43.884] [DEBUG] main - Command "rae" executed by "Saix93" with args "hola"
[2018-04-17 23:59:48.368] [INFO] main - DSP-BOT is shutting down...
[2018-04-18 00:05:41.578] [DEBUG] main - Command "block" loaded
[2018-04-18 00:05:41.581] [DEBUG] main - Command "grant" loaded
[2018-04-18 00:05:41.581] [DEBUG] main - Command "greet" loaded
[2018-04-18 00:05:41.582] [DEBUG] main - Command "help" loaded
[2018-04-18 00:05:41.582] [DEBUG] main - Command "joinme" loaded
[2018-04-18 00:05:41.583] [DEBUG] main - Command "leave" loaded
[2018-04-18 00:05:41.824] [DEBUG] main - Command "nyaa" loaded
[2018-04-18 00:05:41.825] [DEBUG] main - Command "play" loaded
[2018-04-18 00:05:42.251] [DEBUG] main - Command "rae" loaded
[2018-04-18 00:05:42.302] [DEBUG] main - Command "say" loaded
[2018-04-18 00:05:42.866] [INFO] main - DSP BOT: All packed up and ready to go!
[2018-04-18 00:05:44.997] [DEBUG] main - Command "rae" executed by "Saix93" with args "hola"
[2018-04-18 00:05:53.798] [INFO] main - DSP-BOT is shutting down...
[2018-04-18 00:08:09.151] [DEBUG] main - Command "block" loaded
[2018-04-18 00:08:09.153] [DEBUG] main - Command "grant" loaded
[2018-04-18 00:08:09.154] [DEBUG] main - Command "greet" loaded
[2018-04-18 00:08:09.155] [DEBUG] main - Command "help" loaded
[2018-04-18 00:08:09.155] [DEBUG] main - Command "joinme" loaded
[2018-04-18 00:08:09.156] [DEBUG] main - Command "leave" loaded
[2018-04-18 00:08:09.394] [DEBUG] main - Command "nyaa" loaded
[2018-04-18 00:08:09.395] [DEBUG] main - Command "play" loaded
[2018-04-18 00:08:09.780] [DEBUG] main - Command "rae" loaded
[2018-04-18 00:08:09.830] [DEBUG] main - Command "say" loaded
[2018-04-18 00:08:10.383] [INFO] main - DSP BOT: All packed up and ready to go!
[2018-04-18 00:08:13.862] [DEBUG] main - Command "rae" executed by "Saix93" with args "hola"
[2018-04-18 00:08:22.429] [INFO] main - DSP-BOT is shutting down...
[2018-04-18 00:09:29.153] [DEBUG] main - Command "block" loaded
[2018-04-18 00:09:29.155] [DEBUG] main - Command "grant" loaded
[2018-04-18 00:09:29.156] [DEBUG] main - Command "greet" loaded
[2018-04-18 00:09:29.157] [DEBUG] main - Command "help" loaded
[2018-04-18 00:09:29.157] [DEBUG] main - Command "joinme" loaded
[2018-04-18 00:09:29.158] [DEBUG] main - Command "leave" loaded
[2018-04-18 00:09:29.390] [DEBUG] main - Command "nyaa" loaded
[2018-04-18 00:09:29.391] [DEBUG] main - Command "play" loaded
[2018-04-18 00:09:29.773] [DEBUG] main - Command "rae" loaded
[2018-04-18 00:09:29.820] [DEBUG] main - Command "say" loaded
[2018-04-18 00:09:30.348] [INFO] main - DSP BOT: All packed up and ready to go!
[2018-04-18 00:09:33.161] [DEBUG] main - Command "rae" executed by "Saix93" with args "hola"
[2018-04-18 00:09:35.670] [INFO] main - DSP-BOT is shutting down...
[2018-04-18 00:14:48.399] [DEBUG] main - Command "block" loaded
[2018-04-18 00:14:48.401] [DEBUG] main - Command "grant" loaded
[2018-04-18 00:14:48.402] [DEBUG] main - Command "greet" loaded
[2018-04-18 00:14:48.402] [DEBUG] main - Command "help" loaded
[2018-04-18 00:14:48.403] [DEBUG] main - Command "joinme" loaded
[2018-04-18 00:14:48.403] [DEBUG] main - Command "leave" loaded
[2018-04-18 00:14:48.654] [DEBUG] main - Command "nyaa" loaded
[2018-04-18 00:14:48.655] [DEBUG] main - Command "play" loaded
[2018-04-18 00:14:49.058] [DEBUG] main - Command "rae" loaded
[2018-04-18 00:14:49.109] [DEBUG] main - Command "say" loaded
[2018-04-18 00:14:50.794] [INFO] main - DSP BOT: All packed up and ready to go!
[2018-04-18 00:14:58.438] [INFO] main - DSP-BOT is shutting down...
[2018-04-18 00:18:35.794] [DEBUG] main - Command "block" loaded
[2018-04-18 00:18:35.796] [DEBUG] main - Command "grant" loaded
[2018-04-18 00:18:35.797] [DEBUG] main - Command "greet" loaded
[2018-04-18 00:18:35.798] [DEBUG] main - Command "help" loaded
[2018-04-18 00:18:35.798] [DEBUG] main - Command "joinme" loaded
[2018-04-18 00:18:35.799] [DEBUG] main - Command "leave" loaded
[2018-04-18 00:18:36.035] [DEBUG] main - Command "nyaa" loaded
[2018-04-18 00:18:36.036] [DEBUG] main - Command "play" loaded
[2018-04-18 00:18:36.422] [DEBUG] main - Command "rae" loaded
[2018-04-18 00:18:36.476] [DEBUG] main - Command "say" loaded
[2018-04-18 00:18:37.069] [INFO] main - DSP BOT: All packed up and ready to go!
[2018-04-18 00:18:38.235] [INFO] main - DSP-BOT is shutting down...
[2018-04-18 00:21:05.222] [DEBUG] main - Command "block" loaded
[2018-04-18 00:21:05.224] [DEBUG] main - Command "grant" loaded
[2018-04-18 00:21:05.225] [DEBUG] main - Command "greet" loaded
[2018-04-18 00:21:05.226] [DEBUG] main - Command "help" loaded
[2018-04-18 00:21:05.226] [DEBUG] main - Command "joinme" loaded
[2018-04-18 00:21:05.227] [DEBUG] main - Command "leave" loaded
[2018-04-18 00:21:05.463] [DEBUG] main - Command "nyaa" loaded
[2018-04-18 00:21:05.464] [DEBUG] main - Command "play" loaded
[2018-04-18 00:21:05.839] [DEBUG] main - Command "rae" loaded
[2018-04-18 00:21:05.893] [DEBUG] main - Command "say" loaded
[2018-04-18 00:21:06.718] [INFO] main - DSP BOT: All packed up and ready to go!
[2018-04-18 00:21:21.316] [INFO] main - DSP-BOT is shutting down...
